<?xml version="1.0" encoding="UTF-8" standalone="no"?>
<!DOCTYPE log SYSTEM "logger.dtd">
<log>
<record>
  <date>2018-09-13T16:03:45</date>
  <millis>1536843825980</millis>
  <sequence>0</sequence>
  <level>START</level>
  <class>com.kms.katalon.core.logging.KeywordLogger</class>
  <method>startSuite</method>
  <thread>1</thread>
  <message>Start Test Suite : Test Suites/Regression- Landing Page</message>
  <nestedLevel>0</nestedLevel>
  <property name="name">Regression- Landing Page</property>
  <property name="description"></property>
  <property name="id">Test Suites/Regression- Landing Page</property>
</record>
<record>
  <date>2018-09-13T16:03:46</date>
  <millis>1536843826002</millis>
  <sequence>1</sequence>
  <level>RUN_DATA</level>
  <class>com.kms.katalon.core.logging.KeywordLogger</class>
  <method>logMessage</method>
  <thread>1</thread>
  <message>Logging run data &amp;apos;hostName&amp;apos; with value &amp;apos;PRISCILLA - 192.168.13.172&amp;apos;</message>
  <nestedLevel>0</nestedLevel>
  <property name="hostName">PRISCILLA - 192.168.13.172</property>
</record>
<record>
  <date>2018-09-13T16:03:46</date>
  <millis>1536843826003</millis>
  <sequence>2</sequence>
  <level>RUN_DATA</level>
  <class>com.kms.katalon.core.logging.KeywordLogger</class>
  <method>logMessage</method>
  <thread>1</thread>
  <message>Logging run data &amp;apos;os&amp;apos; with value &amp;apos;Windows 10 64bit&amp;apos;</message>
  <nestedLevel>0</nestedLevel>
  <property name="os">Windows 10 64bit</property>
</record>
<record>
  <date>2018-09-13T16:03:46</date>
  <millis>1536843826003</millis>
  <sequence>3</sequence>
  <level>RUN_DATA</level>
  <class>com.kms.katalon.core.logging.KeywordLogger</class>
  <method>logMessage</method>
  <thread>1</thread>
  <message>Logging run data &amp;apos;hostAddress&amp;apos; with value &amp;apos;192.168.13.172&amp;apos;</message>
  <nestedLevel>0</nestedLevel>
  <property name="hostAddress">192.168.13.172</property>
</record>
<record>
  <date>2018-09-13T16:03:46</date>
  <millis>1536843826004</millis>
  <sequence>4</sequence>
  <level>RUN_DATA</level>
  <class>com.kms.katalon.core.logging.KeywordLogger</class>
  <method>logMessage</method>
  <thread>1</thread>
  <message>Logging run data &amp;apos;katalonVersion&amp;apos; with value &amp;apos;5.4.2.1&amp;apos;</message>
  <nestedLevel>0</nestedLevel>
  <property name="katalonVersion">5.4.2.1</property>
</record>
<record>
  <date>2018-09-13T16:03:46</date>
  <millis>1536843826230</millis>
  <sequence>5</sequence>
  <level>START</level>
  <class>com.kms.katalon.core.logging.KeywordLogger</class>
  <method>startTest</method>
  <thread>1</thread>
  <message>Start Test Case : Test Cases/1. Login_Logout/Login- Standard Admin</message>
  <nestedLevel>1</nestedLevel>
  <property name="name">Test Cases/1. Login_Logout/Login- Standard Admin</property>
  <property name="description"></property>
  <property name="id">Test Cases/1. Login_Logout/Login- Standard Admin</property>
  <property name="source">D:\\Automation Katalon\\DukaMili\\Test Cases\\1. Login_Logout\\Login- Standard Admin.tc</property>
  <property name="isOptional">false</property>
</record>
<record>
  <date>2018-09-13T16:03:46</date>
  <millis>1536843826247</millis>
  <sequence>6</sequence>
  <level>INFO</level>
  <class>com.kms.katalon.core.logging.KeywordLogger</class>
  <method>logMessage</method>
  <thread>1</thread>
  <message>Evaluating variables for test case</message>
  <nestedLevel>1</nestedLevel>
</record>
<record>
  <date>2018-09-13T16:03:46</date>
  <millis>1536843826421</millis>
  <sequence>7</sequence>
  <level>START</level>
  <class>com.kms.katalon.core.logging.KeywordLogger</class>
  <method>startKeyword</method>
  <thread>1</thread>
  <message>Start action : Statement - log = new com.kms.katalon.core.logging.KeywordLogger()</message>
  <nestedLevel>1</nestedLevel>
  <property name="startLine">7</property>
  <property name="stepIndex">1</property>
</record>
<record>
  <date>2018-09-13T16:03:46</date>
  <millis>1536843826422</millis>
  <sequence>8</sequence>
  <level>END</level>
  <class>com.kms.katalon.core.logging.KeywordLogger</class>
  <method>endKeyword</method>
  <thread>1</thread>
  <message>End action : Statement - log = new com.kms.katalon.core.logging.KeywordLogger()</message>
  <nestedLevel>1</nestedLevel>
</record>
<record>
  <date>2018-09-13T16:03:46</date>
  <millis>1536843826422</millis>
  <sequence>9</sequence>
  <level>START</level>
  <class>com.kms.katalon.core.logging.KeywordLogger</class>
  <method>startKeyword</method>
  <thread>1</thread>
  <message>Start action : openBrowser</message>
  <nestedLevel>1</nestedLevel>
  <property name="startLine">9</property>
  <property name="stepIndex">2</property>
</record>
<record>
  <date>2018-09-13T16:03:46</date>
  <millis>1536843826643</millis>
  <sequence>10</sequence>
  <level>INFO</level>
  <class>com.kms.katalon.core.logging.KeywordLogger</class>
  <method>logMessage</method>
  <thread>1</thread>
  <message>Opening browser</message>
  <nestedLevel>1</nestedLevel>
</record>
<record>
  <date>2018-09-13T16:03:46</date>
  <millis>1536843826647</millis>
  <sequence>11</sequence>
  <level>INFO</level>
  <class>com.kms.katalon.core.logging.KeywordLogger</class>
  <method>logMessage</method>
  <thread>1</thread>
  <message>Starting &amp;apos;Chrome&amp;apos; driver</message>
  <nestedLevel>1</nestedLevel>
</record>
<record>
  <date>2018-09-13T16:03:46</date>
  <millis>1536843826664</millis>
  <sequence>12</sequence>
  <level>INFO</level>
  <class>com.kms.katalon.core.logging.KeywordLogger</class>
  <method>logMessage</method>
  <thread>1</thread>
  <message>Action delay is set to 0 seconds</message>
  <nestedLevel>1</nestedLevel>
</record>
<record>
  <date>2018-09-13T16:03:48</date>
  <millis>1536843828519</millis>
  <sequence>14</sequence>
  <level>RUN_DATA</level>
  <class>com.kms.katalon.core.logging.KeywordLogger</class>
  <method>logMessage</method>
  <thread>1</thread>
  <message>Logging run data &amp;apos;sessionId&amp;apos; with value &amp;apos;7e40deb71248e7d2de0ba1436043b81e&amp;apos;</message>
  <nestedLevel>1</nestedLevel>
  <property name="sessionId">7e40deb71248e7d2de0ba1436043b81e</property>
</record>
<record>
  <date>2018-09-13T16:03:48</date>
  <millis>1536843828555</millis>
  <sequence>15</sequence>
  <level>RUN_DATA</level>
  <class>com.kms.katalon.core.logging.KeywordLogger</class>
  <method>logMessage</method>
  <thread>1</thread>
  <message>Logging run data &amp;apos;browser&amp;apos; with value &amp;apos;Chrome 68.0.3440.106&amp;apos;</message>
  <nestedLevel>1</nestedLevel>
  <property name="browser">Chrome 68.0.3440.106</property>
</record>
<record>
  <date>2018-09-13T16:03:48</date>
  <millis>1536843828556</millis>
  <sequence>16</sequence>
  <level>RUN_DATA</level>
  <class>com.kms.katalon.core.logging.KeywordLogger</class>
  <method>logMessage</method>
  <thread>1</thread>
  <message>Logging run data &amp;apos;platform&amp;apos; with value &amp;apos;Windows 10&amp;apos;</message>
  <nestedLevel>1</nestedLevel>
  <property name="platform">Windows 10</property>
</record>
<record>
  <date>2018-09-13T16:03:48</date>
  <millis>1536843828560</millis>
  <sequence>17</sequence>
  <level>RUN_DATA</level>
  <class>com.kms.katalon.core.logging.KeywordLogger</class>
  <method>logMessage</method>
  <thread>1</thread>
  <message>Logging run data &amp;apos;seleniumVersion&amp;apos; with value &amp;apos;3.7.1&amp;apos;</message>
  <nestedLevel>1</nestedLevel>
  <property name="seleniumVersion">3.7.1</property>
</record>
<record>
  <date>2018-09-13T16:03:48</date>
  <millis>1536843828562</millis>
  <sequence>18</sequence>
  <level>RUN_DATA</level>
  <class>com.kms.katalon.core.logging.KeywordLogger</class>
  <method>logMessage</method>
  <thread>1</thread>
  <message>Logging run data &amp;apos;proxyInformation&amp;apos; with value &amp;apos;ProxyInformation{proxyOption=NO_PROXY, proxyServerType=HTTP, password=, proxyServerAddress=, proxyServerPort=0}&amp;apos;</message>
  <nestedLevel>1</nestedLevel>
  <property name="proxyInformation">ProxyInformation{proxyOption=NO_PROXY, proxyServerType=HTTP, password=, proxyServerAddress=, proxyServerPort=0}</property>
</record>
<record>
  <date>2018-09-13T16:03:48</date>
  <millis>1536843828565</millis>
  <sequence>19</sequence>
  <level>INFO</level>
  <class>com.kms.katalon.core.logging.KeywordLogger</class>
  <method>logMessage</method>
  <thread>1</thread>
  <message>Navigating browser to: &amp;apos;http://localhost:9632/#/page/login&amp;apos;</message>
  <nestedLevel>1</nestedLevel>
</record>
<record>
  <date>2018-09-13T16:03:52</date>
  <millis>1536843832477</millis>
  <sequence>20</sequence>
  <level>PASSED</level>
  <class>com.kms.katalon.core.logging.KeywordLogger</class>
  <method>logMessage</method>
  <thread>1</thread>
  <message>Browser is opened with url: &amp;apos;http://localhost:9632/#/page/login&amp;apos;</message>
  <nestedLevel>1</nestedLevel>
</record>
<record>
  <date>2018-09-13T16:03:52</date>
  <millis>1536843832478</millis>
  <sequence>21</sequence>
  <level>END</level>
  <class>com.kms.katalon.core.logging.KeywordLogger</class>
  <method>endKeyword</method>
  <thread>1</thread>
  <message>End action : openBrowser</message>
  <nestedLevel>1</nestedLevel>
</record>
<record>
  <date>2018-09-13T16:03:52</date>
  <millis>1536843832479</millis>
  <sequence>22</sequence>
  <level>START</level>
  <class>com.kms.katalon.core.logging.KeywordLogger</class>
  <method>startKeyword</method>
  <thread>1</thread>
  <message>Start action : Statement - log.logWarning(\&amp;quot;URL in Use: \&amp;quot; + baseURL)</message>
  <nestedLevel>1</nestedLevel>
  <property name="startLine">11</property>
  <property name="stepIndex">3</property>
</record>
<record>
  <date>2018-09-13T16:03:52</date>
  <millis>1536843832482</millis>
  <sequence>23</sequence>
  <level>WARNING</level>
  <class>com.kms.katalon.core.logging.KeywordLogger</class>
  <method>logMessage</method>
  <thread>1</thread>
  <message>URL in Use: http://localhost:9632/#/page/login</message>
  <nestedLevel>0</nestedLevel>
</record>
<record>
  <date>2018-09-13T16:03:52</date>
  <millis>1536843832482</millis>
  <sequence>24</sequence>
  <level>END</level>
  <class>com.kms.katalon.core.logging.KeywordLogger</class>
  <method>endKeyword</method>
  <thread>1</thread>
  <message>End action : Statement - log.logWarning(\&amp;quot;URL in Use: \&amp;quot; + baseURL)</message>
  <nestedLevel>1</nestedLevel>
</record>
<record>
  <date>2018-09-13T16:03:52</date>
  <millis>1536843832483</millis>
  <sequence>25</sequence>
  <level>START</level>
  <class>com.kms.katalon.core.logging.KeywordLogger</class>
  <method>startKeyword</method>
  <thread>1</thread>
  <message>Start action : maximizeWindow</message>
  <nestedLevel>1</nestedLevel>
  <property name="startLine">13</property>
  <property name="stepIndex">4</property>
</record>
<record>
  <date>2018-09-13T16:03:52</date>
  <millis>1536843832497</millis>
  <sequence>26</sequence>
  <level>INFO</level>
  <class>com.kms.katalon.core.logging.KeywordLogger</class>
  <method>logMessage</method>
  <thread>1</thread>
  <message>Maximizing current window</message>
  <nestedLevel>1</nestedLevel>
</record>
<record>
  <date>2018-09-13T16:03:52</date>
  <millis>1536843832626</millis>
  <sequence>27</sequence>
  <level>PASSED</level>
  <class>com.kms.katalon.core.logging.KeywordLogger</class>
  <method>logMessage</method>
  <thread>1</thread>
  <message>Current window maximized</message>
  <nestedLevel>1</nestedLevel>
</record>
<record>
  <date>2018-09-13T16:03:52</date>
  <millis>1536843832627</millis>
  <sequence>28</sequence>
  <level>END</level>
  <class>com.kms.katalon.core.logging.KeywordLogger</class>
  <method>endKeyword</method>
  <thread>1</thread>
  <message>End action : maximizeWindow</message>
  <nestedLevel>1</nestedLevel>
</record>
<record>
  <date>2018-09-13T16:03:52</date>
  <millis>1536843832627</millis>
  <sequence>29</sequence>
  <level>START</level>
  <class>com.kms.katalon.core.logging.KeywordLogger</class>
  <method>startKeyword</method>
  <thread>1</thread>
  <message>Start action : delay</message>
  <nestedLevel>1</nestedLevel>
  <property name="startLine">15</property>
  <property name="stepIndex">5</property>
</record>
<record>
  <date>2018-09-13T16:03:52</date>
  <millis>1536843832642</millis>
  <sequence>30</sequence>
  <level>INFO</level>
  <class>com.kms.katalon.core.logging.KeywordLogger</class>
  <method>logMessage</method>
  <thread>1</thread>
  <message>Delaying browser in 1 second(s)</message>
  <nestedLevel>1</nestedLevel>
</record>
<record>
  <date>2018-09-13T16:03:53</date>
  <millis>1536843833643</millis>
  <sequence>31</sequence>
  <level>PASSED</level>
  <class>com.kms.katalon.core.logging.KeywordLogger</class>
  <method>logMessage</method>
  <thread>1</thread>
  <message>Delayed 1 second(s)</message>
  <nestedLevel>1</nestedLevel>
</record>
<record>
  <date>2018-09-13T16:03:53</date>
  <millis>1536843833645</millis>
  <sequence>32</sequence>
  <level>END</level>
  <class>com.kms.katalon.core.logging.KeywordLogger</class>
  <method>endKeyword</method>
  <thread>1</thread>
  <message>End action : delay</message>
  <nestedLevel>1</nestedLevel>
</record>
<record>
  <date>2018-09-13T16:03:53</date>
  <millis>1536843833646</millis>
  <sequence>33</sequence>
  <level>START</level>
  <class>com.kms.katalon.core.logging.KeywordLogger</class>
  <method>startKeyword</method>
  <thread>1</thread>
  <message>Start action : setEncryptedText</message>
  <nestedLevel>1</nestedLevel>
  <property name="startLine">17</property>
  <property name="stepIndex">6</property>
</record>
<record>
  <date>2018-09-13T16:03:53</date>
  <millis>1536843833657</millis>
  <sequence>34</sequence>
  <level>INFO</level>
  <class>com.kms.katalon.core.logging.KeywordLogger</class>
  <method>logMessage</method>
  <thread>1</thread>
  <message>Finding Test Object with id &amp;apos;Object Repository/Login_Logout/input- UserName&amp;apos;</message>
  <nestedLevel>1</nestedLevel>
</record>
<record>
  <date>2018-09-13T16:03:53</date>
  <millis>1536843833693</millis>
  <sequence>35</sequence>
  <level>INFO</level>
  <class>com.kms.katalon.core.logging.KeywordLogger</class>
  <method>logMessage</method>
  <thread>1</thread>
  <message>Checking object</message>
  <nestedLevel>1</nestedLevel>
</record>
<record>
  <date>2018-09-13T16:03:53</date>
  <millis>1536843833694</millis>
  <sequence>36</sequence>
  <level>INFO</level>
  <class>com.kms.katalon.core.logging.KeywordLogger</class>
  <method>logMessage</method>
  <thread>1</thread>
  <message>Checking text</message>
  <nestedLevel>1</nestedLevel>
</record>
<record>
  <date>2018-09-13T16:03:53</date>
  <millis>1536843833787</millis>
  <sequence>37</sequence>
  <level>INFO</level>
  <class>com.kms.katalon.core.logging.KeywordLogger</class>
  <method>logMessage</method>
  <thread>1</thread>
  <message>Checking timeout</message>
  <nestedLevel>1</nestedLevel>
</record>
<record>
  <date>2018-09-13T16:03:53</date>
  <millis>1536843833795</millis>
  <sequence>38</sequence>
  <level>INFO</level>
  <class>com.kms.katalon.core.logging.KeywordLogger</class>
  <method>logMessage</method>
  <thread>1</thread>
  <message>Finding web element with id: &amp;apos;Object Repository/Login_Logout/input- UserName&amp;apos; located by &amp;apos;By.xpath: //*[@id=&amp;apos;1item&amp;apos;]&amp;apos; in &amp;apos;30&amp;apos; second(s)</message>
  <nestedLevel>1</nestedLevel>
</record>
<record>
  <date>2018-09-13T16:03:53</date>
  <millis>1536843833816</millis>
  <sequence>39</sequence>
  <level>INFO</level>
  <class>com.kms.katalon.core.logging.KeywordLogger</class>
  <method>logMessage</method>
  <thread>1</thread>
  <message>Found 1 web elements with id: &amp;apos;Object Repository/Login_Logout/input- UserName&amp;apos; located by &amp;apos;By.xpath: //*[@id=&amp;apos;1item&amp;apos;]&amp;apos; in &amp;apos;30&amp;apos; second(s)</message>
  <nestedLevel>1</nestedLevel>
</record>
<record>
  <date>2018-09-13T16:03:53</date>
  <millis>1536843833816</millis>
  <sequence>40</sequence>
  <level>INFO</level>
  <class>com.kms.katalon.core.logging.KeywordLogger</class>
  <method>logMessage</method>
  <thread>1</thread>
  <message>Clearing text of object &amp;apos;Object Repository/Login_Logout/input- UserName&amp;apos;</message>
  <nestedLevel>1</nestedLevel>
</record>
<record>
  <date>2018-09-13T16:03:53</date>
  <millis>1536843833839</millis>
  <sequence>41</sequence>
  <level>INFO</level>
  <class>com.kms.katalon.core.logging.KeywordLogger</class>
  <method>logMessage</method>
  <thread>1</thread>
  <message>Setting  text of object &amp;apos;Object Repository/Login_Logout/input- UserName&amp;apos; to value ******</message>
  <nestedLevel>1</nestedLevel>
</record>
<record>
  <date>2018-09-13T16:03:53</date>
  <millis>1536843833946</millis>
  <sequence>42</sequence>
  <level>PASSED</level>
  <class>com.kms.katalon.core.logging.KeywordLogger</class>
  <method>logMessage</method>
  <thread>1</thread>
  <message>Text ****** has been set on object &amp;apos;Object Repository/Login_Logout/input- UserName&amp;apos;</message>
  <nestedLevel>1</nestedLevel>
</record>
<record>
  <date>2018-09-13T16:03:53</date>
  <millis>1536843833947</millis>
  <sequence>43</sequence>
  <level>END</level>
  <class>com.kms.katalon.core.logging.KeywordLogger</class>
  <method>endKeyword</method>
  <thread>1</thread>
  <message>End action : setEncryptedText</message>
  <nestedLevel>1</nestedLevel>
</record>
<record>
  <date>2018-09-13T16:03:53</date>
  <millis>1536843833947</millis>
  <sequence>44</sequence>
  <level>START</level>
  <class>com.kms.katalon.core.logging.KeywordLogger</class>
  <method>startKeyword</method>
  <thread>1</thread>
  <message>Start action : click</message>
  <nestedLevel>1</nestedLevel>
  <property name="startLine">19</property>
  <property name="stepIndex">7</property>
</record>
<record>
  <date>2018-09-13T16:03:53</date>
  <millis>1536843833948</millis>
  <sequence>45</sequence>
  <level>INFO</level>
  <class>com.kms.katalon.core.logging.KeywordLogger</class>
  <method>logMessage</method>
  <thread>1</thread>
  <message>Finding Test Object with id &amp;apos;Object Repository/Login_Logout/btn- Next&amp;apos;</message>
  <nestedLevel>1</nestedLevel>
</record>
<record>
  <date>2018-09-13T16:03:53</date>
  <millis>1536843833958</millis>
  <sequence>46</sequence>
  <level>INFO</level>
  <class>com.kms.katalon.core.logging.KeywordLogger</class>
  <method>logMessage</method>
  <thread>1</thread>
  <message>Checking object</message>
  <nestedLevel>1</nestedLevel>
</record>
<record>
  <date>2018-09-13T16:03:53</date>
  <millis>1536843833958</millis>
  <sequence>47</sequence>
  <level>INFO</level>
  <class>com.kms.katalon.core.logging.KeywordLogger</class>
  <method>logMessage</method>
  <thread>1</thread>
  <message>Checking timeout</message>
  <nestedLevel>1</nestedLevel>
</record>
<record>
  <date>2018-09-13T16:03:53</date>
  <millis>1536843833958</millis>
  <sequence>48</sequence>
  <level>INFO</level>
  <class>com.kms.katalon.core.logging.KeywordLogger</class>
  <method>logMessage</method>
  <thread>1</thread>
  <message>Finding web element with id: &amp;apos;Object Repository/Login_Logout/btn- Next&amp;apos; located by &amp;apos;By.xpath: //button[contains(.,&amp;apos;Next&amp;apos;)]&amp;apos; in &amp;apos;30&amp;apos; second(s)</message>
  <nestedLevel>1</nestedLevel>
</record>
<record>
  <date>2018-09-13T16:03:53</date>
  <millis>1536843833977</millis>
  <sequence>49</sequence>
  <level>INFO</level>
  <class>com.kms.katalon.core.logging.KeywordLogger</class>
  <method>logMessage</method>
  <thread>1</thread>
  <message>Found 1 web elements with id: &amp;apos;Object Repository/Login_Logout/btn- Next&amp;apos; located by &amp;apos;By.xpath: //button[contains(.,&amp;apos;Next&amp;apos;)]&amp;apos; in &amp;apos;30&amp;apos; second(s)</message>
  <nestedLevel>1</nestedLevel>
</record>
<record>
  <date>2018-09-13T16:03:53</date>
  <millis>1536843833978</millis>
  <sequence>50</sequence>
  <level>INFO</level>
  <class>com.kms.katalon.core.logging.KeywordLogger</class>
  <method>logMessage</method>
  <thread>1</thread>
  <message>Clicking on object: &amp;apos;Object Repository/Login_Logout/btn- Next&amp;apos;</message>
  <nestedLevel>1</nestedLevel>
</record>
<record>
  <date>2018-09-13T16:03:54</date>
  <millis>1536843834058</millis>
  <sequence>51</sequence>
  <level>PASSED</level>
  <class>com.kms.katalon.core.logging.KeywordLogger</class>
  <method>logMessage</method>
  <thread>1</thread>
  <message>Object: &amp;apos;Object Repository/Login_Logout/btn- Next&amp;apos; is clicked on</message>
  <nestedLevel>1</nestedLevel>
</record>
<record>
  <date>2018-09-13T16:03:54</date>
  <millis>1536843834058</millis>
  <sequence>52</sequence>
  <level>END</level>
  <class>com.kms.katalon.core.logging.KeywordLogger</class>
  <method>endKeyword</method>
  <thread>1</thread>
  <message>End action : click</message>
  <nestedLevel>1</nestedLevel>
</record>
<record>
  <date>2018-09-13T16:03:54</date>
  <millis>1536843834058</millis>
  <sequence>53</sequence>
  <level>START</level>
  <class>com.kms.katalon.core.logging.KeywordLogger</class>
  <method>startKeyword</method>
  <thread>1</thread>
  <message>Start action : delay</message>
  <nestedLevel>1</nestedLevel>
  <property name="startLine">21</property>
  <property name="stepIndex">8</property>
</record>
<record>
  <date>2018-09-13T16:03:54</date>
  <millis>1536843834060</millis>
  <sequence>54</sequence>
  <level>INFO</level>
  <class>com.kms.katalon.core.logging.KeywordLogger</class>
  <method>logMessage</method>
  <thread>1</thread>
  <message>Delaying browser in 2 second(s)</message>
  <nestedLevel>1</nestedLevel>
</record>
<record>
  <date>2018-09-13T16:03:56</date>
  <millis>1536843836061</millis>
  <sequence>55</sequence>
  <level>PASSED</level>
  <class>com.kms.katalon.core.logging.KeywordLogger</class>
  <method>logMessage</method>
  <thread>1</thread>
  <message>Delayed 2 second(s)</message>
  <nestedLevel>1</nestedLevel>
</record>
<record>
  <date>2018-09-13T16:03:56</date>
  <millis>1536843836062</millis>
  <sequence>56</sequence>
  <level>END</level>
  <class>com.kms.katalon.core.logging.KeywordLogger</class>
  <method>endKeyword</method>
  <thread>1</thread>
  <message>End action : delay</message>
  <nestedLevel>1</nestedLevel>
</record>
<record>
  <date>2018-09-13T16:03:56</date>
  <millis>1536843836063</millis>
  <sequence>57</sequence>
  <level>START</level>
  <class>com.kms.katalon.core.logging.KeywordLogger</class>
  <method>startKeyword</method>
  <thread>1</thread>
  <message>Start action : setEncryptedText</message>
  <nestedLevel>1</nestedLevel>
  <property name="startLine">23</property>
  <property name="stepIndex">9</property>
</record>
<record>
  <date>2018-09-13T16:03:56</date>
  <millis>1536843836064</millis>
  <sequence>58</sequence>
  <level>INFO</level>
  <class>com.kms.katalon.core.logging.KeywordLogger</class>
  <method>logMessage</method>
  <thread>1</thread>
  <message>Finding Test Object with id &amp;apos;Object Repository/Login_Logout/input- Password&amp;apos;</message>
  <nestedLevel>1</nestedLevel>
</record>
<record>
  <date>2018-09-13T16:03:56</date>
  <millis>1536843836072</millis>
  <sequence>59</sequence>
  <level>INFO</level>
  <class>com.kms.katalon.core.logging.KeywordLogger</class>
  <method>logMessage</method>
  <thread>1</thread>
  <message>Checking object</message>
  <nestedLevel>1</nestedLevel>
</record>
<record>
  <date>2018-09-13T16:03:56</date>
  <millis>1536843836073</millis>
  <sequence>60</sequence>
  <level>INFO</level>
  <class>com.kms.katalon.core.logging.KeywordLogger</class>
  <method>logMessage</method>
  <thread>1</thread>
  <message>Checking text</message>
  <nestedLevel>1</nestedLevel>
</record>
<record>
  <date>2018-09-13T16:03:56</date>
  <millis>1536843836076</millis>
  <sequence>61</sequence>
  <level>INFO</level>
  <class>com.kms.katalon.core.logging.KeywordLogger</class>
  <method>logMessage</method>
  <thread>1</thread>
  <message>Checking timeout</message>
  <nestedLevel>1</nestedLevel>
</record>
<record>
  <date>2018-09-13T16:03:56</date>
  <millis>1536843836078</millis>
  <sequence>62</sequence>
  <level>INFO</level>
  <class>com.kms.katalon.core.logging.KeywordLogger</class>
  <method>logMessage</method>
  <thread>1</thread>
  <message>Finding web element with id: &amp;apos;Object Repository/Login_Logout/input- Password&amp;apos; located by &amp;apos;By.xpath: //input[@id=&amp;apos;password&amp;apos;]&amp;apos; in &amp;apos;30&amp;apos; second(s)</message>
  <nestedLevel>1</nestedLevel>
</record>
<record>
  <date>2018-09-13T16:03:56</date>
  <millis>1536843836123</millis>
  <sequence>63</sequence>
  <level>INFO</level>
  <class>com.kms.katalon.core.logging.KeywordLogger</class>
  <method>logMessage</method>
  <thread>1</thread>
  <message>Found 1 web elements with id: &amp;apos;Object Repository/Login_Logout/input- Password&amp;apos; located by &amp;apos;By.xpath: //input[@id=&amp;apos;password&amp;apos;]&amp;apos; in &amp;apos;30&amp;apos; second(s)</message>
  <nestedLevel>1</nestedLevel>
</record>
<record>
  <date>2018-09-13T16:03:56</date>
  <millis>1536843836124</millis>
  <sequence>64</sequence>
  <level>INFO</level>
  <class>com.kms.katalon.core.logging.KeywordLogger</class>
  <method>logMessage</method>
  <thread>1</thread>
  <message>Clearing text of object &amp;apos;Object Repository/Login_Logout/input- Password&amp;apos;</message>
  <nestedLevel>1</nestedLevel>
</record>
<record>
  <date>2018-09-13T16:03:56</date>
  <millis>1536843836151</millis>
  <sequence>65</sequence>
  <level>INFO</level>
  <class>com.kms.katalon.core.logging.KeywordLogger</class>
  <method>logMessage</method>
  <thread>1</thread>
  <message>Setting  text of object &amp;apos;Object Repository/Login_Logout/input- Password&amp;apos; to value ******</message>
  <nestedLevel>1</nestedLevel>
</record>
<record>
  <date>2018-09-13T16:03:56</date>
  <millis>1536843836214</millis>
  <sequence>66</sequence>
  <level>PASSED</level>
  <class>com.kms.katalon.core.logging.KeywordLogger</class>
  <method>logMessage</method>
  <thread>1</thread>
  <message>Text ****** has been set on object &amp;apos;Object Repository/Login_Logout/input- Password&amp;apos;</message>
  <nestedLevel>1</nestedLevel>
</record>
<record>
  <date>2018-09-13T16:03:56</date>
  <millis>1536843836214</millis>
  <sequence>67</sequence>
  <level>END</level>
  <class>com.kms.katalon.core.logging.KeywordLogger</class>
  <method>endKeyword</method>
  <thread>1</thread>
  <message>End action : setEncryptedText</message>
  <nestedLevel>1</nestedLevel>
</record>
<record>
  <date>2018-09-13T16:03:56</date>
  <millis>1536843836215</millis>
  <sequence>68</sequence>
  <level>START</level>
  <class>com.kms.katalon.core.logging.KeywordLogger</class>
  <method>startKeyword</method>
  <thread>1</thread>
  <message>Start action : click</message>
  <nestedLevel>1</nestedLevel>
  <property name="startLine">25</property>
  <property name="stepIndex">10</property>
</record>
<record>
  <date>2018-09-13T16:03:56</date>
  <millis>1536843836215</millis>
  <sequence>69</sequence>
  <level>INFO</level>
  <class>com.kms.katalon.core.logging.KeywordLogger</class>
  <method>logMessage</method>
  <thread>1</thread>
  <message>Finding Test Object with id &amp;apos;Object Repository/Login_Logout/btn- Login&amp;apos;</message>
  <nestedLevel>1</nestedLevel>
</record>
<record>
  <date>2018-09-13T16:03:56</date>
  <millis>1536843836218</millis>
  <sequence>70</sequence>
  <level>INFO</level>
  <class>com.kms.katalon.core.logging.KeywordLogger</class>
  <method>logMessage</method>
  <thread>1</thread>
  <message>Checking object</message>
  <nestedLevel>1</nestedLevel>
</record>
<record>
  <date>2018-09-13T16:03:56</date>
  <millis>1536843836218</millis>
  <sequence>71</sequence>
  <level>INFO</level>
  <class>com.kms.katalon.core.logging.KeywordLogger</class>
  <method>logMessage</method>
  <thread>1</thread>
  <message>Checking timeout</message>
  <nestedLevel>1</nestedLevel>
</record>
<record>
  <date>2018-09-13T16:03:56</date>
  <millis>1536843836219</millis>
  <sequence>72</sequence>
  <level>INFO</level>
  <class>com.kms.katalon.core.logging.KeywordLogger</class>
  <method>logMessage</method>
  <thread>1</thread>
  <message>Finding web element with id: &amp;apos;Object Repository/Login_Logout/btn- Login&amp;apos; located by &amp;apos;By.xpath: //button[contains(.,&amp;apos;Login&amp;apos;)]&amp;apos; in &amp;apos;30&amp;apos; second(s)</message>
  <nestedLevel>1</nestedLevel>
</record>
<record>
  <date>2018-09-13T16:03:56</date>
  <millis>1536843836243</millis>
  <sequence>73</sequence>
  <level>INFO</level>
  <class>com.kms.katalon.core.logging.KeywordLogger</class>
  <method>logMessage</method>
  <thread>1</thread>
  <message>Found 1 web elements with id: &amp;apos;Object Repository/Login_Logout/btn- Login&amp;apos; located by &amp;apos;By.xpath: //button[contains(.,&amp;apos;Login&amp;apos;)]&amp;apos; in &amp;apos;30&amp;apos; second(s)</message>
  <nestedLevel>1</nestedLevel>
</record>
<record>
  <date>2018-09-13T16:03:56</date>
  <millis>1536843836243</millis>
  <sequence>74</sequence>
  <level>INFO</level>
  <class>com.kms.katalon.core.logging.KeywordLogger</class>
  <method>logMessage</method>
  <thread>1</thread>
  <message>Clicking on object: &amp;apos;Object Repository/Login_Logout/btn- Login&amp;apos;</message>
  <nestedLevel>1</nestedLevel>
</record>
<record>
  <date>2018-09-13T16:03:56</date>
  <millis>1536843836313</millis>
  <sequence>75</sequence>
  <level>PASSED</level>
  <class>com.kms.katalon.core.logging.KeywordLogger</class>
  <method>logMessage</method>
  <thread>1</thread>
  <message>Object: &amp;apos;Object Repository/Login_Logout/btn- Login&amp;apos; is clicked on</message>
  <nestedLevel>1</nestedLevel>
</record>
<record>
  <date>2018-09-13T16:03:56</date>
  <millis>1536843836314</millis>
  <sequence>76</sequence>
  <level>END</level>
  <class>com.kms.katalon.core.logging.KeywordLogger</class>
  <method>endKeyword</method>
  <thread>1</thread>
  <message>End action : click</message>
  <nestedLevel>1</nestedLevel>
</record>
<record>
  <date>2018-09-13T16:03:56</date>
  <millis>1536843836314</millis>
  <sequence>77</sequence>
  <level>START</level>
  <class>com.kms.katalon.core.logging.KeywordLogger</class>
  <method>startKeyword</method>
  <thread>1</thread>
  <message>Start action : delay</message>
  <nestedLevel>1</nestedLevel>
  <property name="startLine">27</property>
  <property name="stepIndex">11</property>
</record>
<record>
  <date>2018-09-13T16:03:56</date>
  <millis>1536843836315</millis>
  <sequence>78</sequence>
  <level>INFO</level>
  <class>com.kms.katalon.core.logging.KeywordLogger</class>
  <method>logMessage</method>
  <thread>1</thread>
  <message>Delaying browser in 5 second(s)</message>
  <nestedLevel>1</nestedLevel>
</record>
<record>
  <date>2018-09-13T16:04:01</date>
  <millis>1536843841315</millis>
  <sequence>79</sequence>
  <level>PASSED</level>
  <class>com.kms.katalon.core.logging.KeywordLogger</class>
  <method>logMessage</method>
  <thread>1</thread>
  <message>Delayed 5 second(s)</message>
  <nestedLevel>1</nestedLevel>
</record>
<record>
  <date>2018-09-13T16:04:01</date>
  <millis>1536843841316</millis>
  <sequence>80</sequence>
  <level>END</level>
  <class>com.kms.katalon.core.logging.KeywordLogger</class>
  <method>endKeyword</method>
  <thread>1</thread>
  <message>End action : delay</message>
  <nestedLevel>1</nestedLevel>
</record>
<record>
  <date>2018-09-13T16:04:01</date>
  <millis>1536843841316</millis>
  <sequence>81</sequence>
  <level>START</level>
  <class>com.kms.katalon.core.logging.KeywordLogger</class>
  <method>startKeyword</method>
  <thread>1</thread>
  <message>Start action : Statement - If (com.kms.katalon.core.webui.keyword.WebUiBuiltInKeywords.verifyTextNotPresent(\&amp;quot;Sign in to Continue\&amp;quot;, false, OPTIONAL))</message>
  <nestedLevel>1</nestedLevel>
  <property name="startLine">29</property>
  <property name="stepIndex">12</property>
</record>
<record>
  <date>2018-09-13T16:04:01</date>
  <millis>1536843841336</millis>
  <sequence>82</sequence>
  <level>INFO</level>
  <class>com.kms.katalon.core.logging.KeywordLogger</class>
  <method>logMessage</method>
  <thread>1</thread>
  <message>Checking text present </message>
  <nestedLevel>1</nestedLevel>
</record>
<record>
  <date>2018-09-13T16:04:01</date>
  <millis>1536843841773</millis>
  <sequence>83</sequence>
  <level>INFO</level>
  <class>com.kms.katalon.core.logging.KeywordLogger</class>
  <method>logMessage</method>
  <thread>1</thread>
  <message>Finding text &amp;apos;Sign in to Continue&amp;apos; on page </message>
  <nestedLevel>1</nestedLevel>
</record>
<record>
  <date>2018-09-13T16:04:01</date>
  <millis>1536843841773</millis>
  <sequence>84</sequence>
  <level>PASSED</level>
  <class>com.kms.katalon.core.logging.KeywordLogger</class>
  <method>logMessage</method>
  <thread>1</thread>
  <message>Text &amp;apos;Sign in to Continue&amp;apos; is not present on page</message>
  <nestedLevel>1</nestedLevel>
</record>
<record>
  <date>2018-09-13T16:04:01</date>
  <millis>1536843841774</millis>
  <sequence>85</sequence>
  <level>START</level>
  <class>com.kms.katalon.core.logging.KeywordLogger</class>
  <method>startKeyword</method>
  <thread>1</thread>
  <message>Start action : Statement - log.logWarning(\&amp;quot;Successfully Loged Into WebApp\&amp;quot;)</message>
  <nestedLevel>2</nestedLevel>
  <property name="startLine">30</property>
  <property name="stepIndex">1</property>
</record>
<record>
  <date>2018-09-13T16:04:01</date>
  <millis>1536843841775</millis>
  <sequence>86</sequence>
  <level>WARNING</level>
  <class>com.kms.katalon.core.logging.KeywordLogger</class>
  <method>logMessage</method>
  <thread>1</thread>
  <message>Successfully Loged Into WebApp</message>
  <nestedLevel>0</nestedLevel>
</record>
<record>
  <date>2018-09-13T16:04:01</date>
  <millis>1536843841775</millis>
  <sequence>87</sequence>
  <level>END</level>
  <class>com.kms.katalon.core.logging.KeywordLogger</class>
  <method>endKeyword</method>
  <thread>1</thread>
  <message>End action : Statement - log.logWarning(\&amp;quot;Successfully Loged Into WebApp\&amp;quot;)</message>
  <nestedLevel>2</nestedLevel>
</record>
<record>
  <date>2018-09-13T16:04:01</date>
  <millis>1536843841775</millis>
  <sequence>88</sequence>
  <level>END</level>
  <class>com.kms.katalon.core.logging.KeywordLogger</class>
  <method>endKeyword</method>
  <thread>1</thread>
  <message>End action : Statement - If (com.kms.katalon.core.webui.keyword.WebUiBuiltInKeywords.verifyTextNotPresent(\&amp;quot;Sign in to Continue\&amp;quot;, false, OPTIONAL))</message>
  <nestedLevel>1</nestedLevel>
</record>
<record>
  <date>2018-09-13T16:04:01</date>
  <millis>1536843841775</millis>
  <sequence>89</sequence>
  <level>PASSED</level>
  <class>com.kms.katalon.core.logging.KeywordLogger</class>
  <method>logMessage</method>
  <thread>1</thread>
  <message>Test Cases/1. Login_Logout/Login- Standard Admin</message>
  <nestedLevel>1</nestedLevel>
</record>
<record>
  <date>2018-09-13T16:04:01</date>
  <millis>1536843841776</millis>
  <sequence>90</sequence>
  <level>END</level>
  <class>com.kms.katalon.core.logging.KeywordLogger</class>
  <method>endTest</method>
  <thread>1</thread>
  <message>End Test Case : Test Cases/1. Login_Logout/Login- Standard Admin</message>
  <nestedLevel>0</nestedLevel>
</record>
<record>
  <date>2018-09-13T16:04:01</date>
  <millis>1536843841778</millis>
  <sequence>91</sequence>
  <level>START</level>
  <class>com.kms.katalon.core.logging.KeywordLogger</class>
  <method>startTest</method>
  <thread>1</thread>
  <message>Start Test Case : Test Cases/2. Landing Page/Verify- Available Screens</message>
  <nestedLevel>1</nestedLevel>
  <property name="name">Test Cases/2. Landing Page/Verify- Available Screens</property>
  <property name="description"></property>
  <property name="id">Test Cases/2. Landing Page/Verify- Available Screens</property>
  <property name="source">D:\\Automation Katalon\\DukaMili\\Test Cases\\2. Landing Page\\Verify- Available Screens.tc</property>
  <property name="isOptional">false</property>
</record>
<record>
  <date>2018-09-13T16:04:01</date>
  <millis>1536843841784</millis>
  <sequence>92</sequence>
  <level>INFO</level>
  <class>com.kms.katalon.core.logging.KeywordLogger</class>
  <method>logMessage</method>
  <thread>1</thread>
  <message>Evaluating variables for test case</message>
  <nestedLevel>1</nestedLevel>
</record>
<record>
  <date>2018-09-13T16:04:01</date>
  <millis>1536843841902</millis>
  <sequence>93</sequence>
  <level>START</level>
  <class>com.kms.katalon.core.logging.KeywordLogger</class>
  <method>startKeyword</method>
  <thread>1</thread>
  <message>Start action : Statement - log = new com.kms.katalon.core.logging.KeywordLogger()</message>
  <nestedLevel>1</nestedLevel>
  <property name="startLine">8</property>
  <property name="stepIndex">1</property>
</record>
<record>
  <date>2018-09-13T16:04:01</date>
  <millis>1536843841903</millis>
  <sequence>94</sequence>
  <level>END</level>
  <class>com.kms.katalon.core.logging.KeywordLogger</class>
  <method>endKeyword</method>
  <thread>1</thread>
  <message>End action : Statement - log = new com.kms.katalon.core.logging.KeywordLogger()</message>
  <nestedLevel>1</nestedLevel>
</record>
<record>
  <date>2018-09-13T16:04:01</date>
  <millis>1536843841903</millis>
  <sequence>95</sequence>
  <level>START</level>
  <class>com.kms.katalon.core.logging.KeywordLogger</class>
  <method>startKeyword</method>
  <thread>1</thread>
  <message>Start action : delay</message>
  <nestedLevel>1</nestedLevel>
  <property name="startLine">10</property>
  <property name="stepIndex">2</property>
</record>
<record>
  <date>2018-09-13T16:04:01</date>
  <millis>1536843841904</millis>
  <sequence>96</sequence>
  <level>INFO</level>
  <class>com.kms.katalon.core.logging.KeywordLogger</class>
  <method>logMessage</method>
  <thread>1</thread>
  <message>Delaying browser in 4 second(s)</message>
  <nestedLevel>1</nestedLevel>
</record>
<record>
  <date>2018-09-13T16:04:05</date>
  <millis>1536843845904</millis>
  <sequence>97</sequence>
  <level>PASSED</level>
  <class>com.kms.katalon.core.logging.KeywordLogger</class>
  <method>logMessage</method>
  <thread>1</thread>
  <message>Delayed 4 second(s)</message>
  <nestedLevel>1</nestedLevel>
</record>
<record>
  <date>2018-09-13T16:04:05</date>
  <millis>1536843845905</millis>
  <sequence>98</sequence>
  <level>END</level>
  <class>com.kms.katalon.core.logging.KeywordLogger</class>
  <method>endKeyword</method>
  <thread>1</thread>
  <message>End action : delay</message>
  <nestedLevel>1</nestedLevel>
</record>
<record>
  <date>2018-09-13T16:04:05</date>
  <millis>1536843845906</millis>
  <sequence>99</sequence>
  <level>START</level>
  <class>com.kms.katalon.core.logging.KeywordLogger</class>
  <method>startKeyword</method>
  <thread>1</thread>
  <message>Start action : Statement - driver = com.kms.katalon.core.webui.driver.DriverFactory.getWebDriver()</message>
  <nestedLevel>1</nestedLevel>
  <property name="startLine">12</property>
  <property name="stepIndex">3</property>
</record>
<record>
  <date>2018-09-13T16:04:05</date>
  <millis>1536843845918</millis>
  <sequence>100</sequence>
  <level>END</level>
  <class>com.kms.katalon.core.logging.KeywordLogger</class>
  <method>endKeyword</method>
  <thread>1</thread>
  <message>End action : Statement - driver = com.kms.katalon.core.webui.driver.DriverFactory.getWebDriver()</message>
  <nestedLevel>1</nestedLevel>
</record>
<record>
  <date>2018-09-13T16:04:05</date>
  <millis>1536843845918</millis>
  <sequence>101</sequence>
  <level>START</level>
  <class>com.kms.katalon.core.logging.KeywordLogger</class>
  <method>startKeyword</method>
  <thread>1</thread>
  <message>Start action : Statement - Pages = driver.findElement(org.openqa.selenium.By.xpath(\&amp;quot;//*/div/nav/ul\&amp;quot;))</message>
  <nestedLevel>1</nestedLevel>
  <property name="startLine">15</property>
  <property name="stepIndex">4</property>
  <property name="description">To locate screen section on merchandising page</property>
</record>
<record>
  <date>2018-09-13T16:04:05</date>
  <millis>1536843845976</millis>
  <sequence>102</sequence>
  <level>END</level>
  <class>com.kms.katalon.core.logging.KeywordLogger</class>
  <method>endKeyword</method>
  <thread>1</thread>
  <message>End action : Statement - Pages = driver.findElement(org.openqa.selenium.By.xpath(\&amp;quot;//*/div/nav/ul\&amp;quot;))</message>
  <nestedLevel>1</nestedLevel>
</record>
<record>
  <date>2018-09-13T16:04:05</date>
  <millis>1536843845976</millis>
  <sequence>103</sequence>
  <level>START</level>
  <class>com.kms.katalon.core.logging.KeywordLogger</class>
  <method>startKeyword</method>
  <thread>1</thread>
  <message>Start action : Statement - screens = Pages.findElements(org.openqa.selenium.By.xpath(\&amp;quot;//*/div/nav/ul/li/a/span\&amp;quot;))</message>
  <nestedLevel>1</nestedLevel>
  <property name="startLine">18</property>
  <property name="stepIndex">5</property>
  <property name="description">Locate all screens available in merchandising page</property>
</record>
<record>
  <date>2018-09-13T16:04:06</date>
  <millis>1536843846008</millis>
  <sequence>104</sequence>
  <level>END</level>
  <class>com.kms.katalon.core.logging.KeywordLogger</class>
  <method>endKeyword</method>
  <thread>1</thread>
  <message>End action : Statement - screens = Pages.findElements(org.openqa.selenium.By.xpath(\&amp;quot;//*/div/nav/ul/li/a/span\&amp;quot;))</message>
  <nestedLevel>1</nestedLevel>
</record>
<record>
  <date>2018-09-13T16:04:06</date>
  <millis>1536843846008</millis>
  <sequence>105</sequence>
  <level>START</level>
  <class>com.kms.katalon.core.logging.KeywordLogger</class>
  <method>startKeyword</method>
  <thread>1</thread>
  <message>Start action : Statement - TotalScreens = screens.size()</message>
  <nestedLevel>1</nestedLevel>
  <property name="startLine">20</property>
  <property name="stepIndex">6</property>
</record>
<record>
  <date>2018-09-13T16:04:06</date>
  <millis>1536843846009</millis>
  <sequence>106</sequence>
  <level>END</level>
  <class>com.kms.katalon.core.logging.KeywordLogger</class>
  <method>endKeyword</method>
  <thread>1</thread>
  <message>End action : Statement - TotalScreens = screens.size()</message>
  <nestedLevel>1</nestedLevel>
</record>
<record>
  <date>2018-09-13T16:04:06</date>
  <millis>1536843846009</millis>
  <sequence>107</sequence>
  <level>START</level>
  <class>com.kms.katalon.core.logging.KeywordLogger</class>
  <method>startKeyword</method>
  <thread>1</thread>
  <message>Start action : Statement - log.logWarning(\&amp;quot;Screen Options Available =\&amp;quot; + TotalScreens)</message>
  <nestedLevel>1</nestedLevel>
  <property name="startLine">22</property>
  <property name="stepIndex">7</property>
</record>
<record>
  <date>2018-09-13T16:04:06</date>
  <millis>1536843846009</millis>
  <sequence>108</sequence>
  <level>WARNING</level>
  <class>com.kms.katalon.core.logging.KeywordLogger</class>
  <method>logMessage</method>
  <thread>1</thread>
  <message>Screen Options Available =11</message>
  <nestedLevel>0</nestedLevel>
</record>
<record>
  <date>2018-09-13T16:04:06</date>
  <millis>1536843846010</millis>
  <sequence>109</sequence>
  <level>END</level>
  <class>com.kms.katalon.core.logging.KeywordLogger</class>
  <method>endKeyword</method>
  <thread>1</thread>
  <message>End action : Statement - log.logWarning(\&amp;quot;Screen Options Available =\&amp;quot; + TotalScreens)</message>
  <nestedLevel>1</nestedLevel>
</record>
<record>
  <date>2018-09-13T16:04:06</date>
  <millis>1536843846010</millis>
  <sequence>110</sequence>
  <level>START</level>
  <class>com.kms.katalon.core.logging.KeywordLogger</class>
  <method>startKeyword</method>
  <thread>1</thread>
  <message>Start action : Statement - For ([i = 0, i &amp;lt; screens.size(), (i++)])</message>
  <nestedLevel>1</nestedLevel>
  <property name="startLine">24</property>
  <property name="stepIndex">8</property>
</record>
<record>
  <date>2018-09-13T16:04:06</date>
  <millis>1536843846010</millis>
  <sequence>111</sequence>
  <level>START</level>
  <class>com.kms.katalon.core.logging.KeywordLogger</class>
  <method>startKeyword</method>
  <thread>1</thread>
  <message>Start action : Statement - screentext = screens.get(i).getText().toString()</message>
  <nestedLevel>2</nestedLevel>
  <property name="startLine">25</property>
  <property name="stepIndex">1</property>
</record>
<record>
  <date>2018-09-13T16:04:06</date>
  <millis>1536843846034</millis>
  <sequence>112</sequence>
  <level>END</level>
  <class>com.kms.katalon.core.logging.KeywordLogger</class>
  <method>endKeyword</method>
  <thread>1</thread>
  <message>End action : Statement - screentext = screens.get(i).getText().toString()</message>
  <nestedLevel>2</nestedLevel>
</record>
<record>
  <date>2018-09-13T16:04:06</date>
  <millis>1536843846034</millis>
  <sequence>113</sequence>
  <level>START</level>
  <class>com.kms.katalon.core.logging.KeywordLogger</class>
  <method>startKeyword</method>
  <thread>1</thread>
  <message>Start action : Statement - log.logWarning(\&amp;quot;Screen option \&amp;quot; + i + \&amp;quot; = \&amp;quot; + screentext)</message>
  <nestedLevel>2</nestedLevel>
  <property name="startLine">27</property>
  <property name="stepIndex">2</property>
</record>
<record>
  <date>2018-09-13T16:04:06</date>
  <millis>1536843846035</millis>
  <sequence>114</sequence>
  <level>WARNING</level>
  <class>com.kms.katalon.core.logging.KeywordLogger</class>
  <method>logMessage</method>
  <thread>1</thread>
  <message>Screen option 0 = Dashboard</message>
  <nestedLevel>0</nestedLevel>
</record>
<record>
  <date>2018-09-13T16:04:06</date>
  <millis>1536843846035</millis>
  <sequence>115</sequence>
  <level>END</level>
  <class>com.kms.katalon.core.logging.KeywordLogger</class>
  <method>endKeyword</method>
  <thread>1</thread>
  <message>End action : Statement - log.logWarning(\&amp;quot;Screen option \&amp;quot; + i + \&amp;quot; = \&amp;quot; + screentext)</message>
  <nestedLevel>2</nestedLevel>
</record>
<record>
  <date>2018-09-13T16:04:06</date>
  <millis>1536843846036</millis>
  <sequence>116</sequence>
  <level>START</level>
  <class>com.kms.katalon.core.logging.KeywordLogger</class>
  <method>startKeyword</method>
  <thread>1</thread>
  <message>Start action : Statement - screentext = screens.get(i).getText().toString()</message>
  <nestedLevel>2</nestedLevel>
  <property name="startLine">25</property>
  <property name="stepIndex">1</property>
</record>
<record>
  <date>2018-09-13T16:04:06</date>
  <millis>1536843846061</millis>
  <sequence>117</sequence>
  <level>END</level>
  <class>com.kms.katalon.core.logging.KeywordLogger</class>
  <method>endKeyword</method>
  <thread>1</thread>
  <message>End action : Statement - screentext = screens.get(i).getText().toString()</message>
  <nestedLevel>2</nestedLevel>
</record>
<record>
  <date>2018-09-13T16:04:06</date>
  <millis>1536843846062</millis>
  <sequence>118</sequence>
  <level>START</level>
  <class>com.kms.katalon.core.logging.KeywordLogger</class>
  <method>startKeyword</method>
  <thread>1</thread>
  <message>Start action : Statement - log.logWarning(\&amp;quot;Screen option \&amp;quot; + i + \&amp;quot; = \&amp;quot; + screentext)</message>
  <nestedLevel>2</nestedLevel>
  <property name="startLine">27</property>
  <property name="stepIndex">2</property>
</record>
<record>
  <date>2018-09-13T16:04:06</date>
  <millis>1536843846062</millis>
  <sequence>119</sequence>
  <level>WARNING</level>
  <class>com.kms.katalon.core.logging.KeywordLogger</class>
  <method>logMessage</method>
  <thread>1</thread>
  <message>Screen option 1 = Settings</message>
  <nestedLevel>0</nestedLevel>
</record>
<record>
  <date>2018-09-13T16:04:06</date>
  <millis>1536843846062</millis>
  <sequence>120</sequence>
  <level>END</level>
  <class>com.kms.katalon.core.logging.KeywordLogger</class>
  <method>endKeyword</method>
  <thread>1</thread>
  <message>End action : Statement - log.logWarning(\&amp;quot;Screen option \&amp;quot; + i + \&amp;quot; = \&amp;quot; + screentext)</message>
  <nestedLevel>2</nestedLevel>
</record>
<record>
  <date>2018-09-13T16:04:06</date>
  <millis>1536843846063</millis>
  <sequence>121</sequence>
  <level>START</level>
  <class>com.kms.katalon.core.logging.KeywordLogger</class>
  <method>startKeyword</method>
  <thread>1</thread>
  <message>Start action : Statement - screentext = screens.get(i).getText().toString()</message>
  <nestedLevel>2</nestedLevel>
  <property name="startLine">25</property>
  <property name="stepIndex">1</property>
</record>
<record>
  <date>2018-09-13T16:04:06</date>
  <millis>1536843846083</millis>
  <sequence>122</sequence>
  <level>END</level>
  <class>com.kms.katalon.core.logging.KeywordLogger</class>
  <method>endKeyword</method>
  <thread>1</thread>
  <message>End action : Statement - screentext = screens.get(i).getText().toString()</message>
  <nestedLevel>2</nestedLevel>
</record>
<record>
  <date>2018-09-13T16:04:06</date>
  <millis>1536843846083</millis>
  <sequence>123</sequence>
  <level>START</level>
  <class>com.kms.katalon.core.logging.KeywordLogger</class>
  <method>startKeyword</method>
  <thread>1</thread>
  <message>Start action : Statement - log.logWarning(\&amp;quot;Screen option \&amp;quot; + i + \&amp;quot; = \&amp;quot; + screentext)</message>
  <nestedLevel>2</nestedLevel>
  <property name="startLine">27</property>
  <property name="stepIndex">2</property>
</record>
<record>
  <date>2018-09-13T16:04:06</date>
  <millis>1536843846084</millis>
  <sequence>124</sequence>
  <level>WARNING</level>
  <class>com.kms.katalon.core.logging.KeywordLogger</class>
  <method>logMessage</method>
  <thread>1</thread>
  <message>Screen option 2 = Organisation Hierarchy</message>
  <nestedLevel>0</nestedLevel>
</record>
<record>
  <date>2018-09-13T16:04:06</date>
  <millis>1536843846084</millis>
  <sequence>125</sequence>
  <level>END</level>
  <class>com.kms.katalon.core.logging.KeywordLogger</class>
  <method>endKeyword</method>
  <thread>1</thread>
  <message>End action : Statement - log.logWarning(\&amp;quot;Screen option \&amp;quot; + i + \&amp;quot; = \&amp;quot; + screentext)</message>
  <nestedLevel>2</nestedLevel>
</record>
<record>
  <date>2018-09-13T16:04:06</date>
  <millis>1536843846084</millis>
  <sequence>126</sequence>
  <level>START</level>
  <class>com.kms.katalon.core.logging.KeywordLogger</class>
  <method>startKeyword</method>
  <thread>1</thread>
  <message>Start action : Statement - screentext = screens.get(i).getText().toString()</message>
  <nestedLevel>2</nestedLevel>
  <property name="startLine">25</property>
  <property name="stepIndex">1</property>
</record>
<record>
  <date>2018-09-13T16:04:06</date>
  <millis>1536843846104</millis>
  <sequence>127</sequence>
  <level>END</level>
  <class>com.kms.katalon.core.logging.KeywordLogger</class>
  <method>endKeyword</method>
  <thread>1</thread>
  <message>End action : Statement - screentext = screens.get(i).getText().toString()</message>
  <nestedLevel>2</nestedLevel>
</record>
<record>
  <date>2018-09-13T16:04:06</date>
  <millis>1536843846104</millis>
  <sequence>128</sequence>
  <level>START</level>
  <class>com.kms.katalon.core.logging.KeywordLogger</class>
  <method>startKeyword</method>
  <thread>1</thread>
  <message>Start action : Statement - log.logWarning(\&amp;quot;Screen option \&amp;quot; + i + \&amp;quot; = \&amp;quot; + screentext)</message>
  <nestedLevel>2</nestedLevel>
  <property name="startLine">27</property>
  <property name="stepIndex">2</property>
</record>
<record>
  <date>2018-09-13T16:04:06</date>
  <millis>1536843846105</millis>
  <sequence>129</sequence>
  <level>WARNING</level>
  <class>com.kms.katalon.core.logging.KeywordLogger</class>
  <method>logMessage</method>
  <thread>1</thread>
  <message>Screen option 3 = Terminal Master</message>
  <nestedLevel>0</nestedLevel>
</record>
<record>
  <date>2018-09-13T16:04:06</date>
  <millis>1536843846105</millis>
  <sequence>130</sequence>
  <level>END</level>
  <class>com.kms.katalon.core.logging.KeywordLogger</class>
  <method>endKeyword</method>
  <thread>1</thread>
  <message>End action : Statement - log.logWarning(\&amp;quot;Screen option \&amp;quot; + i + \&amp;quot; = \&amp;quot; + screentext)</message>
  <nestedLevel>2</nestedLevel>
</record>
<record>
  <date>2018-09-13T16:04:06</date>
  <millis>1536843846105</millis>
  <sequence>131</sequence>
  <level>START</level>
  <class>com.kms.katalon.core.logging.KeywordLogger</class>
  <method>startKeyword</method>
  <thread>1</thread>
  <message>Start action : Statement - screentext = screens.get(i).getText().toString()</message>
  <nestedLevel>2</nestedLevel>
  <property name="startLine">25</property>
  <property name="stepIndex">1</property>
</record>
<record>
  <date>2018-09-13T16:04:06</date>
  <millis>1536843846125</millis>
  <sequence>132</sequence>
  <level>END</level>
  <class>com.kms.katalon.core.logging.KeywordLogger</class>
  <method>endKeyword</method>
  <thread>1</thread>
  <message>End action : Statement - screentext = screens.get(i).getText().toString()</message>
  <nestedLevel>2</nestedLevel>
</record>
<record>
  <date>2018-09-13T16:04:06</date>
  <millis>1536843846125</millis>
  <sequence>133</sequence>
  <level>START</level>
  <class>com.kms.katalon.core.logging.KeywordLogger</class>
  <method>startKeyword</method>
  <thread>1</thread>
  <message>Start action : Statement - log.logWarning(\&amp;quot;Screen option \&amp;quot; + i + \&amp;quot; = \&amp;quot; + screentext)</message>
  <nestedLevel>2</nestedLevel>
  <property name="startLine">27</property>
  <property name="stepIndex">2</property>
</record>
<record>
  <date>2018-09-13T16:04:06</date>
  <millis>1536843846126</millis>
  <sequence>134</sequence>
  <level>WARNING</level>
  <class>com.kms.katalon.core.logging.KeywordLogger</class>
  <method>logMessage</method>
  <thread>1</thread>
  <message>Screen option 4 = My Account</message>
  <nestedLevel>0</nestedLevel>
</record>
<record>
  <date>2018-09-13T16:04:06</date>
  <millis>1536843846126</millis>
  <sequence>135</sequence>
  <level>END</level>
  <class>com.kms.katalon.core.logging.KeywordLogger</class>
  <method>endKeyword</method>
  <thread>1</thread>
  <message>End action : Statement - log.logWarning(\&amp;quot;Screen option \&amp;quot; + i + \&amp;quot; = \&amp;quot; + screentext)</message>
  <nestedLevel>2</nestedLevel>
</record>
<record>
  <date>2018-09-13T16:04:06</date>
  <millis>1536843846126</millis>
  <sequence>136</sequence>
  <level>START</level>
  <class>com.kms.katalon.core.logging.KeywordLogger</class>
  <method>startKeyword</method>
  <thread>1</thread>
  <message>Start action : Statement - screentext = screens.get(i).getText().toString()</message>
  <nestedLevel>2</nestedLevel>
  <property name="startLine">25</property>
  <property name="stepIndex">1</property>
</record>
<record>
  <date>2018-09-13T16:04:06</date>
  <millis>1536843846146</millis>
  <sequence>137</sequence>
  <level>END</level>
  <class>com.kms.katalon.core.logging.KeywordLogger</class>
  <method>endKeyword</method>
  <thread>1</thread>
  <message>End action : Statement - screentext = screens.get(i).getText().toString()</message>
  <nestedLevel>2</nestedLevel>
</record>
<record>
  <date>2018-09-13T16:04:06</date>
  <millis>1536843846147</millis>
  <sequence>138</sequence>
  <level>START</level>
  <class>com.kms.katalon.core.logging.KeywordLogger</class>
  <method>startKeyword</method>
  <thread>1</thread>
  <message>Start action : Statement - log.logWarning(\&amp;quot;Screen option \&amp;quot; + i + \&amp;quot; = \&amp;quot; + screentext)</message>
  <nestedLevel>2</nestedLevel>
  <property name="startLine">27</property>
  <property name="stepIndex">2</property>
</record>
<record>
  <date>2018-09-13T16:04:06</date>
  <millis>1536843846147</millis>
  <sequence>139</sequence>
  <level>WARNING</level>
  <class>com.kms.katalon.core.logging.KeywordLogger</class>
  <method>logMessage</method>
  <thread>1</thread>
  <message>Screen option 5 = My Products</message>
  <nestedLevel>0</nestedLevel>
</record>
<record>
  <date>2018-09-13T16:04:06</date>
  <millis>1536843846147</millis>
  <sequence>140</sequence>
  <level>END</level>
  <class>com.kms.katalon.core.logging.KeywordLogger</class>
  <method>endKeyword</method>
  <thread>1</thread>
  <message>End action : Statement - log.logWarning(\&amp;quot;Screen option \&amp;quot; + i + \&amp;quot; = \&amp;quot; + screentext)</message>
  <nestedLevel>2</nestedLevel>
</record>
<record>
  <date>2018-09-13T16:04:06</date>
  <millis>1536843846147</millis>
  <sequence>141</sequence>
  <level>START</level>
  <class>com.kms.katalon.core.logging.KeywordLogger</class>
  <method>startKeyword</method>
  <thread>1</thread>
  <message>Start action : Statement - screentext = screens.get(i).getText().toString()</message>
  <nestedLevel>2</nestedLevel>
  <property name="startLine">25</property>
  <property name="stepIndex">1</property>
</record>
<record>
  <date>2018-09-13T16:04:06</date>
  <millis>1536843846167</millis>
  <sequence>142</sequence>
  <level>END</level>
  <class>com.kms.katalon.core.logging.KeywordLogger</class>
  <method>endKeyword</method>
  <thread>1</thread>
  <message>End action : Statement - screentext = screens.get(i).getText().toString()</message>
  <nestedLevel>2</nestedLevel>
</record>
<record>
  <date>2018-09-13T16:04:06</date>
  <millis>1536843846167</millis>
  <sequence>143</sequence>
  <level>START</level>
  <class>com.kms.katalon.core.logging.KeywordLogger</class>
  <method>startKeyword</method>
  <thread>1</thread>
  <message>Start action : Statement - log.logWarning(\&amp;quot;Screen option \&amp;quot; + i + \&amp;quot; = \&amp;quot; + screentext)</message>
  <nestedLevel>2</nestedLevel>
  <property name="startLine">27</property>
  <property name="stepIndex">2</property>
</record>
<record>
  <date>2018-09-13T16:04:06</date>
  <millis>1536843846168</millis>
  <sequence>144</sequence>
  <level>WARNING</level>
  <class>com.kms.katalon.core.logging.KeywordLogger</class>
  <method>logMessage</method>
  <thread>1</thread>
  <message>Screen option 6 = My Messages</message>
  <nestedLevel>0</nestedLevel>
</record>
<record>
  <date>2018-09-13T16:04:06</date>
  <millis>1536843846168</millis>
  <sequence>145</sequence>
  <level>END</level>
  <class>com.kms.katalon.core.logging.KeywordLogger</class>
  <method>endKeyword</method>
  <thread>1</thread>
  <message>End action : Statement - log.logWarning(\&amp;quot;Screen option \&amp;quot; + i + \&amp;quot; = \&amp;quot; + screentext)</message>
  <nestedLevel>2</nestedLevel>
</record>
<record>
  <date>2018-09-13T16:04:06</date>
  <millis>1536843846168</millis>
  <sequence>146</sequence>
  <level>START</level>
  <class>com.kms.katalon.core.logging.KeywordLogger</class>
  <method>startKeyword</method>
  <thread>1</thread>
  <message>Start action : Statement - screentext = screens.get(i).getText().toString()</message>
  <nestedLevel>2</nestedLevel>
  <property name="startLine">25</property>
  <property name="stepIndex">1</property>
</record>
<record>
  <date>2018-09-13T16:04:06</date>
  <millis>1536843846191</millis>
  <sequence>147</sequence>
  <level>END</level>
  <class>com.kms.katalon.core.logging.KeywordLogger</class>
  <method>endKeyword</method>
  <thread>1</thread>
  <message>End action : Statement - screentext = screens.get(i).getText().toString()</message>
  <nestedLevel>2</nestedLevel>
</record>
<record>
  <date>2018-09-13T16:04:06</date>
  <millis>1536843846191</millis>
  <sequence>148</sequence>
  <level>START</level>
  <class>com.kms.katalon.core.logging.KeywordLogger</class>
  <method>startKeyword</method>
  <thread>1</thread>
  <message>Start action : Statement - log.logWarning(\&amp;quot;Screen option \&amp;quot; + i + \&amp;quot; = \&amp;quot; + screentext)</message>
  <nestedLevel>2</nestedLevel>
  <property name="startLine">27</property>
  <property name="stepIndex">2</property>
</record>
<record>
  <date>2018-09-13T16:04:06</date>
  <millis>1536843846191</millis>
  <sequence>149</sequence>
  <level>WARNING</level>
  <class>com.kms.katalon.core.logging.KeywordLogger</class>
  <method>logMessage</method>
  <thread>1</thread>
  <message>Screen option 7 = My Reports</message>
  <nestedLevel>0</nestedLevel>
</record>
<record>
  <date>2018-09-13T16:04:06</date>
  <millis>1536843846192</millis>
  <sequence>150</sequence>
  <level>END</level>
  <class>com.kms.katalon.core.logging.KeywordLogger</class>
  <method>endKeyword</method>
  <thread>1</thread>
  <message>End action : Statement - log.logWarning(\&amp;quot;Screen option \&amp;quot; + i + \&amp;quot; = \&amp;quot; + screentext)</message>
  <nestedLevel>2</nestedLevel>
</record>
<record>
  <date>2018-09-13T16:04:06</date>
  <millis>1536843846192</millis>
  <sequence>151</sequence>
  <level>START</level>
  <class>com.kms.katalon.core.logging.KeywordLogger</class>
  <method>startKeyword</method>
  <thread>1</thread>
  <message>Start action : Statement - screentext = screens.get(i).getText().toString()</message>
  <nestedLevel>2</nestedLevel>
  <property name="startLine">25</property>
  <property name="stepIndex">1</property>
</record>
<record>
  <date>2018-09-13T16:04:06</date>
  <millis>1536843846212</millis>
  <sequence>152</sequence>
  <level>END</level>
  <class>com.kms.katalon.core.logging.KeywordLogger</class>
  <method>endKeyword</method>
  <thread>1</thread>
  <message>End action : Statement - screentext = screens.get(i).getText().toString()</message>
  <nestedLevel>2</nestedLevel>
</record>
<record>
  <date>2018-09-13T16:04:06</date>
  <millis>1536843846213</millis>
  <sequence>153</sequence>
  <level>START</level>
  <class>com.kms.katalon.core.logging.KeywordLogger</class>
  <method>startKeyword</method>
  <thread>1</thread>
  <message>Start action : Statement - log.logWarning(\&amp;quot;Screen option \&amp;quot; + i + \&amp;quot; = \&amp;quot; + screentext)</message>
  <nestedLevel>2</nestedLevel>
  <property name="startLine">27</property>
  <property name="stepIndex">2</property>
</record>
<record>
  <date>2018-09-13T16:04:06</date>
  <millis>1536843846213</millis>
  <sequence>154</sequence>
  <level>WARNING</level>
  <class>com.kms.katalon.core.logging.KeywordLogger</class>
  <method>logMessage</method>
  <thread>1</thread>
  <message>Screen option 8 = My Requests</message>
  <nestedLevel>0</nestedLevel>
</record>
<record>
  <date>2018-09-13T16:04:06</date>
  <millis>1536843846213</millis>
  <sequence>155</sequence>
  <level>END</level>
  <class>com.kms.katalon.core.logging.KeywordLogger</class>
  <method>endKeyword</method>
  <thread>1</thread>
  <message>End action : Statement - log.logWarning(\&amp;quot;Screen option \&amp;quot; + i + \&amp;quot; = \&amp;quot; + screentext)</message>
  <nestedLevel>2</nestedLevel>
</record>
<record>
  <date>2018-09-13T16:04:06</date>
  <millis>1536843846213</millis>
  <sequence>156</sequence>
  <level>START</level>
  <class>com.kms.katalon.core.logging.KeywordLogger</class>
  <method>startKeyword</method>
  <thread>1</thread>
  <message>Start action : Statement - screentext = screens.get(i).getText().toString()</message>
  <nestedLevel>2</nestedLevel>
  <property name="startLine">25</property>
  <property name="stepIndex">1</property>
</record>
<record>
  <date>2018-09-13T16:04:06</date>
  <millis>1536843846233</millis>
  <sequence>157</sequence>
  <level>END</level>
  <class>com.kms.katalon.core.logging.KeywordLogger</class>
  <method>endKeyword</method>
  <thread>1</thread>
  <message>End action : Statement - screentext = screens.get(i).getText().toString()</message>
  <nestedLevel>2</nestedLevel>
</record>
<record>
  <date>2018-09-13T16:04:06</date>
  <millis>1536843846234</millis>
  <sequence>158</sequence>
  <level>START</level>
  <class>com.kms.katalon.core.logging.KeywordLogger</class>
  <method>startKeyword</method>
  <thread>1</thread>
  <message>Start action : Statement - log.logWarning(\&amp;quot;Screen option \&amp;quot; + i + \&amp;quot; = \&amp;quot; + screentext)</message>
  <nestedLevel>2</nestedLevel>
  <property name="startLine">27</property>
  <property name="stepIndex">2</property>
</record>
<record>
  <date>2018-09-13T16:04:06</date>
  <millis>1536843846234</millis>
  <sequence>159</sequence>
  <level>WARNING</level>
  <class>com.kms.katalon.core.logging.KeywordLogger</class>
  <method>logMessage</method>
  <thread>1</thread>
  <message>Screen option 9 = My Learning Modules</message>
  <nestedLevel>0</nestedLevel>
</record>
<record>
  <date>2018-09-13T16:04:06</date>
  <millis>1536843846234</millis>
  <sequence>160</sequence>
  <level>END</level>
  <class>com.kms.katalon.core.logging.KeywordLogger</class>
  <method>endKeyword</method>
  <thread>1</thread>
  <message>End action : Statement - log.logWarning(\&amp;quot;Screen option \&amp;quot; + i + \&amp;quot; = \&amp;quot; + screentext)</message>
  <nestedLevel>2</nestedLevel>
</record>
<record>
  <date>2018-09-13T16:04:06</date>
  <millis>1536843846234</millis>
  <sequence>161</sequence>
  <level>START</level>
  <class>com.kms.katalon.core.logging.KeywordLogger</class>
  <method>startKeyword</method>
  <thread>1</thread>
  <message>Start action : Statement - screentext = screens.get(i).getText().toString()</message>
  <nestedLevel>2</nestedLevel>
  <property name="startLine">25</property>
  <property name="stepIndex">1</property>
</record>
<record>
  <date>2018-09-13T16:04:06</date>
  <millis>1536843846255</millis>
  <sequence>162</sequence>
  <level>END</level>
  <class>com.kms.katalon.core.logging.KeywordLogger</class>
  <method>endKeyword</method>
  <thread>1</thread>
  <message>End action : Statement - screentext = screens.get(i).getText().toString()</message>
  <nestedLevel>2</nestedLevel>
</record>
<record>
  <date>2018-09-13T16:04:06</date>
  <millis>1536843846255</millis>
  <sequence>163</sequence>
  <level>START</level>
  <class>com.kms.katalon.core.logging.KeywordLogger</class>
  <method>startKeyword</method>
  <thread>1</thread>
  <message>Start action : Statement - log.logWarning(\&amp;quot;Screen option \&amp;quot; + i + \&amp;quot; = \&amp;quot; + screentext)</message>
  <nestedLevel>2</nestedLevel>
  <property name="startLine">27</property>
  <property name="stepIndex">2</property>
</record>
<record>
  <date>2018-09-13T16:04:06</date>
  <millis>1536843846255</millis>
  <sequence>164</sequence>
  <level>WARNING</level>
  <class>com.kms.katalon.core.logging.KeywordLogger</class>
  <method>logMessage</method>
  <thread>1</thread>
  <message>Screen option 10 = My Help</message>
  <nestedLevel>0</nestedLevel>
</record>
<record>
  <date>2018-09-13T16:04:06</date>
  <millis>1536843846255</millis>
  <sequence>165</sequence>
  <level>END</level>
  <class>com.kms.katalon.core.logging.KeywordLogger</class>
  <method>endKeyword</method>
  <thread>1</thread>
  <message>End action : Statement - log.logWarning(\&amp;quot;Screen option \&amp;quot; + i + \&amp;quot; = \&amp;quot; + screentext)</message>
  <nestedLevel>2</nestedLevel>
</record>
<record>
  <date>2018-09-13T16:04:06</date>
  <millis>1536843846256</millis>
  <sequence>166</sequence>
  <level>END</level>
  <class>com.kms.katalon.core.logging.KeywordLogger</class>
  <method>endKeyword</method>
  <thread>1</thread>
  <message>End action : Statement - For ([i = 0, i &amp;lt; screens.size(), (i++)])</message>
  <nestedLevel>1</nestedLevel>
</record>
<record>
  <date>2018-09-13T16:04:06</date>
  <millis>1536843846256</millis>
  <sequence>167</sequence>
  <level>PASSED</level>
  <class>com.kms.katalon.core.logging.KeywordLogger</class>
  <method>logMessage</method>
  <thread>1</thread>
  <message>Test Cases/2. Landing Page/Verify- Available Screens</message>
  <nestedLevel>1</nestedLevel>
</record>
<record>
  <date>2018-09-13T16:04:06</date>
  <millis>1536843846256</millis>
  <sequence>168</sequence>
  <level>END</level>
  <class>com.kms.katalon.core.logging.KeywordLogger</class>
  <method>endTest</method>
  <thread>1</thread>
  <message>End Test Case : Test Cases/2. Landing Page/Verify- Available Screens</message>
  <nestedLevel>0</nestedLevel>
</record>
<record>
  <date>2018-09-13T16:04:06</date>
  <millis>1536843846258</millis>
  <sequence>169</sequence>
  <level>START</level>
  <class>com.kms.katalon.core.logging.KeywordLogger</class>
  <method>startTest</method>
  <thread>1</thread>
  <message>Start Test Case : Test Cases/2. Landing Page/Verify- Navigate My Accounts</message>
  <nestedLevel>1</nestedLevel>
  <property name="name">Test Cases/2. Landing Page/Verify- Navigate My Accounts</property>
  <property name="description"></property>
  <property name="id">Test Cases/2. Landing Page/Verify- Navigate My Accounts</property>
  <property name="source">D:\\Automation Katalon\\DukaMili\\Test Cases\\2. Landing Page\\Verify- Navigate My Accounts.tc</property>
  <property name="isOptional">false</property>
</record>
<record>
  <date>2018-09-13T16:04:06</date>
  <millis>1536843846263</millis>
  <sequence>170</sequence>
  <level>INFO</level>
  <class>com.kms.katalon.core.logging.KeywordLogger</class>
  <method>logMessage</method>
  <thread>1</thread>
  <message>Evaluating variables for test case</message>
  <nestedLevel>1</nestedLevel>
</record>
<record>
  <date>2018-09-13T16:04:06</date>
  <millis>1536843846352</millis>
  <sequence>171</sequence>
  <level>START</level>
  <class>com.kms.katalon.core.logging.KeywordLogger</class>
  <method>startKeyword</method>
  <thread>1</thread>
  <message>Start action : Statement - log = new com.kms.katalon.core.logging.KeywordLogger()</message>
  <nestedLevel>1</nestedLevel>
  <property name="startLine">9</property>
  <property name="stepIndex">1</property>
</record>
<record>
  <date>2018-09-13T16:04:06</date>
  <millis>1536843846353</millis>
  <sequence>172</sequence>
  <level>END</level>
  <class>com.kms.katalon.core.logging.KeywordLogger</class>
  <method>endKeyword</method>
  <thread>1</thread>
  <message>End action : Statement - log = new com.kms.katalon.core.logging.KeywordLogger()</message>
  <nestedLevel>1</nestedLevel>
</record>
<record>
  <date>2018-09-13T16:04:06</date>
  <millis>1536843846353</millis>
  <sequence>173</sequence>
  <level>START</level>
  <class>com.kms.katalon.core.logging.KeywordLogger</class>
  <method>startKeyword</method>
  <thread>1</thread>
  <message>Start action : callTestCase</message>
  <nestedLevel>1</nestedLevel>
  <property name="startLine">11</property>
  <property name="stepIndex">2</property>
</record>
<record>
  <date>2018-09-13T16:04:06</date>
  <millis>1536843846365</millis>
  <sequence>174</sequence>
  <level>INFO</level>
  <class>com.kms.katalon.core.logging.KeywordLogger</class>
  <method>logMessage</method>
  <thread>1</thread>
  <message>Checking called Test Case</message>
  <nestedLevel>1</nestedLevel>
</record>
<record>
  <date>2018-09-13T16:04:06</date>
  <millis>1536843846365</millis>
  <sequence>175</sequence>
  <level>INFO</level>
  <class>com.kms.katalon.core.logging.KeywordLogger</class>
  <method>logMessage</method>
  <thread>1</thread>
  <message>Starting to call Test Case &amp;apos;Test Cases/1. Login_Logout/Login- Standard Admin&amp;apos;</message>
  <nestedLevel>1</nestedLevel>
</record>
<record>
  <date>2018-09-13T16:04:06</date>
  <millis>1536843846418</millis>
  <sequence>176</sequence>
  <level>START</level>
  <class>com.kms.katalon.core.logging.KeywordLogger</class>
  <method>startTest</method>
  <thread>1</thread>
  <message>Start Test Case : Test Cases/1. Login_Logout/Login- Standard Admin</message>
  <nestedLevel>2</nestedLevel>
  <property name="name">Test Cases/1. Login_Logout/Login- Standard Admin</property>
  <property name="description"></property>
  <property name="id">Test Cases/1. Login_Logout/Login- Standard Admin</property>
  <property name="source">D:\\Automation Katalon\\DukaMili\\Test Cases\\1. Login_Logout\\Login- Standard Admin.tc</property>
  <property name="isOptional">false</property>
</record>
<record>
  <date>2018-09-13T16:04:06</date>
  <millis>1536843846422</millis>
  <sequence>177</sequence>
  <level>INFO</level>
  <class>com.kms.katalon.core.logging.KeywordLogger</class>
  <method>logMessage</method>
  <thread>1</thread>
  <message>Evaluating variables for test case</message>
  <nestedLevel>2</nestedLevel>
</record>
<record>
  <date>2018-09-13T16:04:06</date>
  <millis>1536843846423</millis>
  <sequence>178</sequence>
  <level>START</level>
  <class>com.kms.katalon.core.logging.KeywordLogger</class>
  <method>startKeyword</method>
  <thread>1</thread>
  <message>Start action : Statement - log = new com.kms.katalon.core.logging.KeywordLogger()</message>
  <nestedLevel>1</nestedLevel>
  <property name="startLine">7</property>
  <property name="stepIndex">1</property>
</record>
<record>
  <date>2018-09-13T16:04:06</date>
  <millis>1536843846424</millis>
  <sequence>179</sequence>
  <level>END</level>
  <class>com.kms.katalon.core.logging.KeywordLogger</class>
  <method>endKeyword</method>
  <thread>1</thread>
  <message>End action : Statement - log = new com.kms.katalon.core.logging.KeywordLogger()</message>
  <nestedLevel>1</nestedLevel>
</record>
<record>
  <date>2018-09-13T16:04:06</date>
  <millis>1536843846424</millis>
  <sequence>180</sequence>
  <level>START</level>
  <class>com.kms.katalon.core.logging.KeywordLogger</class>
  <method>startKeyword</method>
  <thread>1</thread>
  <message>Start action : openBrowser</message>
  <nestedLevel>1</nestedLevel>
  <property name="startLine">9</property>
  <property name="stepIndex">2</property>
</record>
<record>
  <date>2018-09-13T16:04:06</date>
  <millis>1536843846424</millis>
  <sequence>181</sequence>
  <level>INFO</level>
  <class>com.kms.katalon.core.logging.KeywordLogger</class>
  <method>logMessage</method>
  <thread>1</thread>
  <message>Opening browser</message>
  <nestedLevel>2</nestedLevel>
</record>
<record>
  <date>2018-09-13T16:04:06</date>
  <millis>1536843846425</millis>
  <sequence>182</sequence>
  <level>WARNING</level>
  <class>com.kms.katalon.core.logging.KeywordLogger</class>
  <method>logMessage</method>
  <thread>1</thread>
  <message>A browser is already opened. Closing browser and opening a new one</message>
  <nestedLevel>2</nestedLevel>
</record>
<record>
  <date>2018-09-13T16:04:07</date>
  <millis>1536843847056</millis>
  <sequence>183</sequence>
  <level>INFO</level>
  <class>com.kms.katalon.core.logging.KeywordLogger</class>
  <method>logMessage</method>
  <thread>1</thread>
  <message>Starting &amp;apos;Chrome&amp;apos; driver</message>
  <nestedLevel>2</nestedLevel>
</record>
<record>
  <date>2018-09-13T16:04:09</date>
  <millis>1536843849479</millis>
  <sequence>185</sequence>
  <level>RUN_DATA</level>
  <class>com.kms.katalon.core.logging.KeywordLogger</class>
  <method>logMessage</method>
  <thread>1</thread>
  <message>Logging run data &amp;apos;sessionId&amp;apos; with value &amp;apos;95cdfd6a376b610e27be604650bf4d43&amp;apos;</message>
  <nestedLevel>2</nestedLevel>
  <property name="sessionId">95cdfd6a376b610e27be604650bf4d43</property>
</record>
<record>
  <date>2018-09-13T16:04:09</date>
  <millis>1536843849487</millis>
  <sequence>186</sequence>
  <level>RUN_DATA</level>
  <class>com.kms.katalon.core.logging.KeywordLogger</class>
  <method>logMessage</method>
  <thread>1</thread>
  <message>Logging run data &amp;apos;browser&amp;apos; with value &amp;apos;Chrome 68.0.3440.106&amp;apos;</message>
  <nestedLevel>2</nestedLevel>
  <property name="browser">Chrome 68.0.3440.106</property>
</record>
<record>
  <date>2018-09-13T16:04:09</date>
  <millis>1536843849487</millis>
  <sequence>187</sequence>
  <level>RUN_DATA</level>
  <class>com.kms.katalon.core.logging.KeywordLogger</class>
  <method>logMessage</method>
  <thread>1</thread>
  <message>Logging run data &amp;apos;platform&amp;apos; with value &amp;apos;Windows 10&amp;apos;</message>
  <nestedLevel>2</nestedLevel>
  <property name="platform">Windows 10</property>
</record>
<record>
  <date>2018-09-13T16:04:09</date>
  <millis>1536843849488</millis>
  <sequence>188</sequence>
  <level>RUN_DATA</level>
  <class>com.kms.katalon.core.logging.KeywordLogger</class>
  <method>logMessage</method>
  <thread>1</thread>
  <message>Logging run data &amp;apos;seleniumVersion&amp;apos; with value &amp;apos;3.7.1&amp;apos;</message>
  <nestedLevel>2</nestedLevel>
  <property name="seleniumVersion">3.7.1</property>
</record>
<record>
  <date>2018-09-13T16:04:09</date>
  <millis>1536843849488</millis>
  <sequence>189</sequence>
  <level>RUN_DATA</level>
  <class>com.kms.katalon.core.logging.KeywordLogger</class>
  <method>logMessage</method>
  <thread>1</thread>
  <message>Logging run data &amp;apos;proxyInformation&amp;apos; with value &amp;apos;ProxyInformation{proxyOption=NO_PROXY, proxyServerType=HTTP, password=, proxyServerAddress=, proxyServerPort=0}&amp;apos;</message>
  <nestedLevel>2</nestedLevel>
  <property name="proxyInformation">ProxyInformation{proxyOption=NO_PROXY, proxyServerType=HTTP, password=, proxyServerAddress=, proxyServerPort=0}</property>
</record>
<record>
  <date>2018-09-13T16:04:09</date>
  <millis>1536843849488</millis>
  <sequence>190</sequence>
  <level>INFO</level>
  <class>com.kms.katalon.core.logging.KeywordLogger</class>
  <method>logMessage</method>
  <thread>1</thread>
  <message>Navigating browser to: &amp;apos;http://localhost:9632/#/page/login&amp;apos;</message>
  <nestedLevel>2</nestedLevel>
</record>
<record>
  <date>2018-09-13T16:04:11</date>
  <millis>1536843851991</millis>
  <sequence>191</sequence>
  <level>PASSED</level>
  <class>com.kms.katalon.core.logging.KeywordLogger</class>
  <method>logMessage</method>
  <thread>1</thread>
  <message>Browser is opened with url: &amp;apos;http://localhost:9632/#/page/login&amp;apos;</message>
  <nestedLevel>2</nestedLevel>
</record>
<record>
  <date>2018-09-13T16:04:11</date>
  <millis>1536843851991</millis>
  <sequence>192</sequence>
  <level>END</level>
  <class>com.kms.katalon.core.logging.KeywordLogger</class>
  <method>endKeyword</method>
  <thread>1</thread>
  <message>End action : openBrowser</message>
  <nestedLevel>1</nestedLevel>
</record>
<record>
  <date>2018-09-13T16:04:11</date>
  <millis>1536843851992</millis>
  <sequence>193</sequence>
  <level>START</level>
  <class>com.kms.katalon.core.logging.KeywordLogger</class>
  <method>startKeyword</method>
  <thread>1</thread>
  <message>Start action : Statement - log.logWarning(\&amp;quot;URL in Use: \&amp;quot; + baseURL)</message>
  <nestedLevel>1</nestedLevel>
  <property name="startLine">11</property>
  <property name="stepIndex">3</property>
</record>
<record>
  <date>2018-09-13T16:04:11</date>
  <millis>1536843851992</millis>
  <sequence>194</sequence>
  <level>WARNING</level>
  <class>com.kms.katalon.core.logging.KeywordLogger</class>
  <method>logMessage</method>
  <thread>1</thread>
  <message>URL in Use: http://localhost:9632/#/page/login</message>
  <nestedLevel>0</nestedLevel>
</record>
<record>
  <date>2018-09-13T16:04:11</date>
  <millis>1536843851992</millis>
  <sequence>195</sequence>
  <level>END</level>
  <class>com.kms.katalon.core.logging.KeywordLogger</class>
  <method>endKeyword</method>
  <thread>1</thread>
  <message>End action : Statement - log.logWarning(\&amp;quot;URL in Use: \&amp;quot; + baseURL)</message>
  <nestedLevel>1</nestedLevel>
</record>
<record>
  <date>2018-09-13T16:04:11</date>
  <millis>1536843851992</millis>
  <sequence>196</sequence>
  <level>START</level>
  <class>com.kms.katalon.core.logging.KeywordLogger</class>
  <method>startKeyword</method>
  <thread>1</thread>
  <message>Start action : maximizeWindow</message>
  <nestedLevel>1</nestedLevel>
  <property name="startLine">13</property>
  <property name="stepIndex">4</property>
</record>
<record>
  <date>2018-09-13T16:04:11</date>
  <millis>1536843851993</millis>
  <sequence>197</sequence>
  <level>INFO</level>
  <class>com.kms.katalon.core.logging.KeywordLogger</class>
  <method>logMessage</method>
  <thread>1</thread>
  <message>Maximizing current window</message>
  <nestedLevel>2</nestedLevel>
</record>
<record>
  <date>2018-09-13T16:04:12</date>
  <millis>1536843852149</millis>
  <sequence>198</sequence>
  <level>PASSED</level>
  <class>com.kms.katalon.core.logging.KeywordLogger</class>
  <method>logMessage</method>
  <thread>1</thread>
  <message>Current window maximized</message>
  <nestedLevel>2</nestedLevel>
</record>
<record>
  <date>2018-09-13T16:04:12</date>
  <millis>1536843852150</millis>
  <sequence>199</sequence>
  <level>END</level>
  <class>com.kms.katalon.core.logging.KeywordLogger</class>
  <method>endKeyword</method>
  <thread>1</thread>
  <message>End action : maximizeWindow</message>
  <nestedLevel>1</nestedLevel>
</record>
<record>
  <date>2018-09-13T16:04:12</date>
  <millis>1536843852150</millis>
  <sequence>200</sequence>
  <level>START</level>
  <class>com.kms.katalon.core.logging.KeywordLogger</class>
  <method>startKeyword</method>
  <thread>1</thread>
  <message>Start action : delay</message>
  <nestedLevel>1</nestedLevel>
  <property name="startLine">15</property>
  <property name="stepIndex">5</property>
</record>
<record>
  <date>2018-09-13T16:04:12</date>
  <millis>1536843852151</millis>
  <sequence>201</sequence>
  <level>INFO</level>
  <class>com.kms.katalon.core.logging.KeywordLogger</class>
  <method>logMessage</method>
  <thread>1</thread>
  <message>Delaying browser in 1 second(s)</message>
  <nestedLevel>2</nestedLevel>
</record>
<record>
  <date>2018-09-13T16:04:13</date>
  <millis>1536843853151</millis>
  <sequence>202</sequence>
  <level>PASSED</level>
  <class>com.kms.katalon.core.logging.KeywordLogger</class>
  <method>logMessage</method>
  <thread>1</thread>
  <message>Delayed 1 second(s)</message>
  <nestedLevel>2</nestedLevel>
</record>
<record>
  <date>2018-09-13T16:04:13</date>
  <millis>1536843853152</millis>
  <sequence>203</sequence>
  <level>END</level>
  <class>com.kms.katalon.core.logging.KeywordLogger</class>
  <method>endKeyword</method>
  <thread>1</thread>
  <message>End action : delay</message>
  <nestedLevel>1</nestedLevel>
</record>
<record>
  <date>2018-09-13T16:04:13</date>
  <millis>1536843853152</millis>
  <sequence>204</sequence>
  <level>START</level>
  <class>com.kms.katalon.core.logging.KeywordLogger</class>
  <method>startKeyword</method>
  <thread>1</thread>
  <message>Start action : setEncryptedText</message>
  <nestedLevel>1</nestedLevel>
  <property name="startLine">17</property>
  <property name="stepIndex">6</property>
</record>
<record>
  <date>2018-09-13T16:04:13</date>
  <millis>1536843853152</millis>
  <sequence>205</sequence>
  <level>INFO</level>
  <class>com.kms.katalon.core.logging.KeywordLogger</class>
  <method>logMessage</method>
  <thread>1</thread>
  <message>Finding Test Object with id &amp;apos;Object Repository/Login_Logout/input- UserName&amp;apos;</message>
  <nestedLevel>2</nestedLevel>
</record>
<record>
  <date>2018-09-13T16:04:13</date>
  <millis>1536843853156</millis>
  <sequence>206</sequence>
  <level>INFO</level>
  <class>com.kms.katalon.core.logging.KeywordLogger</class>
  <method>logMessage</method>
  <thread>1</thread>
  <message>Checking object</message>
  <nestedLevel>2</nestedLevel>
</record>
<record>
  <date>2018-09-13T16:04:13</date>
  <millis>1536843853157</millis>
  <sequence>207</sequence>
  <level>INFO</level>
  <class>com.kms.katalon.core.logging.KeywordLogger</class>
  <method>logMessage</method>
  <thread>1</thread>
  <message>Checking text</message>
  <nestedLevel>2</nestedLevel>
</record>
<record>
  <date>2018-09-13T16:04:13</date>
  <millis>1536843853157</millis>
  <sequence>208</sequence>
  <level>INFO</level>
  <class>com.kms.katalon.core.logging.KeywordLogger</class>
  <method>logMessage</method>
  <thread>1</thread>
  <message>Checking timeout</message>
  <nestedLevel>2</nestedLevel>
</record>
<record>
  <date>2018-09-13T16:04:13</date>
  <millis>1536843853158</millis>
  <sequence>209</sequence>
  <level>INFO</level>
  <class>com.kms.katalon.core.logging.KeywordLogger</class>
  <method>logMessage</method>
  <thread>1</thread>
  <message>Finding web element with id: &amp;apos;Object Repository/Login_Logout/input- UserName&amp;apos; located by &amp;apos;By.xpath: //*[@id=&amp;apos;1item&amp;apos;]&amp;apos; in &amp;apos;30&amp;apos; second(s)</message>
  <nestedLevel>2</nestedLevel>
</record>
<record>
  <date>2018-09-13T16:04:13</date>
  <millis>1536843853184</millis>
  <sequence>210</sequence>
  <level>INFO</level>
  <class>com.kms.katalon.core.logging.KeywordLogger</class>
  <method>logMessage</method>
  <thread>1</thread>
  <message>Found 1 web elements with id: &amp;apos;Object Repository/Login_Logout/input- UserName&amp;apos; located by &amp;apos;By.xpath: //*[@id=&amp;apos;1item&amp;apos;]&amp;apos; in &amp;apos;30&amp;apos; second(s)</message>
  <nestedLevel>2</nestedLevel>
</record>
<record>
  <date>2018-09-13T16:04:13</date>
  <millis>1536843853184</millis>
  <sequence>211</sequence>
  <level>INFO</level>
  <class>com.kms.katalon.core.logging.KeywordLogger</class>
  <method>logMessage</method>
  <thread>1</thread>
  <message>Clearing text of object &amp;apos;Object Repository/Login_Logout/input- UserName&amp;apos;</message>
  <nestedLevel>2</nestedLevel>
</record>
<record>
  <date>2018-09-13T16:04:13</date>
  <millis>1536843853206</millis>
  <sequence>212</sequence>
  <level>INFO</level>
  <class>com.kms.katalon.core.logging.KeywordLogger</class>
  <method>logMessage</method>
  <thread>1</thread>
  <message>Setting  text of object &amp;apos;Object Repository/Login_Logout/input- UserName&amp;apos; to value ******</message>
  <nestedLevel>2</nestedLevel>
</record>
<record>
  <date>2018-09-13T16:04:13</date>
  <millis>1536843853321</millis>
  <sequence>213</sequence>
  <level>PASSED</level>
  <class>com.kms.katalon.core.logging.KeywordLogger</class>
  <method>logMessage</method>
  <thread>1</thread>
  <message>Text ****** has been set on object &amp;apos;Object Repository/Login_Logout/input- UserName&amp;apos;</message>
  <nestedLevel>2</nestedLevel>
</record>
<record>
  <date>2018-09-13T16:04:13</date>
  <millis>1536843853322</millis>
  <sequence>214</sequence>
  <level>END</level>
  <class>com.kms.katalon.core.logging.KeywordLogger</class>
  <method>endKeyword</method>
  <thread>1</thread>
  <message>End action : setEncryptedText</message>
  <nestedLevel>1</nestedLevel>
</record>
<record>
  <date>2018-09-13T16:04:13</date>
  <millis>1536843853322</millis>
  <sequence>215</sequence>
  <level>START</level>
  <class>com.kms.katalon.core.logging.KeywordLogger</class>
  <method>startKeyword</method>
  <thread>1</thread>
  <message>Start action : click</message>
  <nestedLevel>1</nestedLevel>
  <property name="startLine">19</property>
  <property name="stepIndex">7</property>
</record>
<record>
  <date>2018-09-13T16:04:13</date>
  <millis>1536843853322</millis>
  <sequence>216</sequence>
  <level>INFO</level>
  <class>com.kms.katalon.core.logging.KeywordLogger</class>
  <method>logMessage</method>
  <thread>1</thread>
  <message>Finding Test Object with id &amp;apos;Object Repository/Login_Logout/btn- Next&amp;apos;</message>
  <nestedLevel>2</nestedLevel>
</record>
<record>
  <date>2018-09-13T16:04:13</date>
  <millis>1536843853325</millis>
  <sequence>217</sequence>
  <level>INFO</level>
  <class>com.kms.katalon.core.logging.KeywordLogger</class>
  <method>logMessage</method>
  <thread>1</thread>
  <message>Checking object</message>
  <nestedLevel>2</nestedLevel>
</record>
<record>
  <date>2018-09-13T16:04:13</date>
  <millis>1536843853325</millis>
  <sequence>218</sequence>
  <level>INFO</level>
  <class>com.kms.katalon.core.logging.KeywordLogger</class>
  <method>logMessage</method>
  <thread>1</thread>
  <message>Checking timeout</message>
  <nestedLevel>2</nestedLevel>
</record>
<record>
  <date>2018-09-13T16:04:13</date>
  <millis>1536843853325</millis>
  <sequence>219</sequence>
  <level>INFO</level>
  <class>com.kms.katalon.core.logging.KeywordLogger</class>
  <method>logMessage</method>
  <thread>1</thread>
  <message>Finding web element with id: &amp;apos;Object Repository/Login_Logout/btn- Next&amp;apos; located by &amp;apos;By.xpath: //button[contains(.,&amp;apos;Next&amp;apos;)]&amp;apos; in &amp;apos;30&amp;apos; second(s)</message>
  <nestedLevel>2</nestedLevel>
</record>
<record>
  <date>2018-09-13T16:04:13</date>
  <millis>1536843853344</millis>
  <sequence>220</sequence>
  <level>INFO</level>
  <class>com.kms.katalon.core.logging.KeywordLogger</class>
  <method>logMessage</method>
  <thread>1</thread>
  <message>Found 1 web elements with id: &amp;apos;Object Repository/Login_Logout/btn- Next&amp;apos; located by &amp;apos;By.xpath: //button[contains(.,&amp;apos;Next&amp;apos;)]&amp;apos; in &amp;apos;30&amp;apos; second(s)</message>
  <nestedLevel>2</nestedLevel>
</record>
<record>
  <date>2018-09-13T16:04:13</date>
  <millis>1536843853344</millis>
  <sequence>221</sequence>
  <level>INFO</level>
  <class>com.kms.katalon.core.logging.KeywordLogger</class>
  <method>logMessage</method>
  <thread>1</thread>
  <message>Clicking on object: &amp;apos;Object Repository/Login_Logout/btn- Next&amp;apos;</message>
  <nestedLevel>2</nestedLevel>
</record>
<record>
  <date>2018-09-13T16:04:13</date>
  <millis>1536843853411</millis>
  <sequence>222</sequence>
  <level>PASSED</level>
  <class>com.kms.katalon.core.logging.KeywordLogger</class>
  <method>logMessage</method>
  <thread>1</thread>
  <message>Object: &amp;apos;Object Repository/Login_Logout/btn- Next&amp;apos; is clicked on</message>
  <nestedLevel>2</nestedLevel>
</record>
<record>
  <date>2018-09-13T16:04:13</date>
  <millis>1536843853412</millis>
  <sequence>223</sequence>
  <level>END</level>
  <class>com.kms.katalon.core.logging.KeywordLogger</class>
  <method>endKeyword</method>
  <thread>1</thread>
  <message>End action : click</message>
  <nestedLevel>1</nestedLevel>
</record>
<record>
  <date>2018-09-13T16:04:13</date>
  <millis>1536843853412</millis>
  <sequence>224</sequence>
  <level>START</level>
  <class>com.kms.katalon.core.logging.KeywordLogger</class>
  <method>startKeyword</method>
  <thread>1</thread>
  <message>Start action : delay</message>
  <nestedLevel>1</nestedLevel>
  <property name="startLine">21</property>
  <property name="stepIndex">8</property>
</record>
<record>
  <date>2018-09-13T16:04:13</date>
  <millis>1536843853413</millis>
  <sequence>225</sequence>
  <level>INFO</level>
  <class>com.kms.katalon.core.logging.KeywordLogger</class>
  <method>logMessage</method>
  <thread>1</thread>
  <message>Delaying browser in 2 second(s)</message>
  <nestedLevel>2</nestedLevel>
</record>
<record>
  <date>2018-09-13T16:04:15</date>
  <millis>1536843855413</millis>
  <sequence>226</sequence>
  <level>PASSED</level>
  <class>com.kms.katalon.core.logging.KeywordLogger</class>
  <method>logMessage</method>
  <thread>1</thread>
  <message>Delayed 2 second(s)</message>
  <nestedLevel>2</nestedLevel>
</record>
<record>
  <date>2018-09-13T16:04:15</date>
  <millis>1536843855414</millis>
  <sequence>227</sequence>
  <level>END</level>
  <class>com.kms.katalon.core.logging.KeywordLogger</class>
  <method>endKeyword</method>
  <thread>1</thread>
  <message>End action : delay</message>
  <nestedLevel>1</nestedLevel>
</record>
<record>
  <date>2018-09-13T16:04:15</date>
  <millis>1536843855414</millis>
  <sequence>228</sequence>
  <level>START</level>
  <class>com.kms.katalon.core.logging.KeywordLogger</class>
  <method>startKeyword</method>
  <thread>1</thread>
  <message>Start action : setEncryptedText</message>
  <nestedLevel>1</nestedLevel>
  <property name="startLine">23</property>
  <property name="stepIndex">9</property>
</record>
<record>
  <date>2018-09-13T16:04:15</date>
  <millis>1536843855415</millis>
  <sequence>229</sequence>
  <level>INFO</level>
  <class>com.kms.katalon.core.logging.KeywordLogger</class>
  <method>logMessage</method>
  <thread>1</thread>
  <message>Finding Test Object with id &amp;apos;Object Repository/Login_Logout/input- Password&amp;apos;</message>
  <nestedLevel>2</nestedLevel>
</record>
<record>
  <date>2018-09-13T16:04:15</date>
  <millis>1536843855421</millis>
  <sequence>230</sequence>
  <level>INFO</level>
  <class>com.kms.katalon.core.logging.KeywordLogger</class>
  <method>logMessage</method>
  <thread>1</thread>
  <message>Checking object</message>
  <nestedLevel>2</nestedLevel>
</record>
<record>
  <date>2018-09-13T16:04:15</date>
  <millis>1536843855422</millis>
  <sequence>231</sequence>
  <level>INFO</level>
  <class>com.kms.katalon.core.logging.KeywordLogger</class>
  <method>logMessage</method>
  <thread>1</thread>
  <message>Checking text</message>
  <nestedLevel>2</nestedLevel>
</record>
<record>
  <date>2018-09-13T16:04:15</date>
  <millis>1536843855422</millis>
  <sequence>232</sequence>
  <level>INFO</level>
  <class>com.kms.katalon.core.logging.KeywordLogger</class>
  <method>logMessage</method>
  <thread>1</thread>
  <message>Checking timeout</message>
  <nestedLevel>2</nestedLevel>
</record>
<record>
  <date>2018-09-13T16:04:15</date>
  <millis>1536843855423</millis>
  <sequence>233</sequence>
  <level>INFO</level>
  <class>com.kms.katalon.core.logging.KeywordLogger</class>
  <method>logMessage</method>
  <thread>1</thread>
  <message>Finding web element with id: &amp;apos;Object Repository/Login_Logout/input- Password&amp;apos; located by &amp;apos;By.xpath: //input[@id=&amp;apos;password&amp;apos;]&amp;apos; in &amp;apos;30&amp;apos; second(s)</message>
  <nestedLevel>2</nestedLevel>
</record>
